[0.068s] Invoking command in '/home/vivek/turtlebot-navigation/turtle_ws/build/turtlebot3_simulations': AMENT_PREFIX_PATH=/home/vivek/turtlebot-navigation/turtle_ws/install/turtlebot3_gazebo:/home/vivek/turtlebot-navigation/turtle_ws/install/turtlebot3_fake_node:${AMENT_PREFIX_PATH} CMAKE_PREFIX_PATH=/home/vivek/turtlebot-navigation/turtle_ws/install/turtlebot3_gazebo:/home/vivek/turtlebot-navigation/turtle_ws/install/turtlebot3_fake_node:/home/vivek/turtlebot3_nav_ws/install/turtlebot3_simulations:/home/vivek/turtlebot3_nav_ws/install/turtlebot3_gazebo:/home/vivek/turtlebot3_nav_ws/install/turtlebot3_fake_node:/home/vivek/eyantra_ws/install/ur5_moveit:/home/vivek/eyantra_ws/install/ur_description:/home/vivek/eyantra_ws/install/realsense_gazebo_plugin:/home/vivek/eyantra_ws/install/pymoveit2:/home/vivek/eyantra_ws/install/linkattacher_msgs:/home/vivek/eyantra_ws/install/gazebo_ros2_control:/home/vivek/eyantra_ws/install/eyantra_warehouse:/home/vivek/eyantra_ws/install/ebot_nav2:/home/vivek/eyantra_ws/install/ebot_description:/home/vivek/eyantra_ws/install/ebot_docking:/home/vivek/eyantra_ws/install/aws_robomaker_small_warehouse_world:/opt/ros/humble /usr/bin/cmake /home/vivek/turtlebot-navigation/turtle_ws/src/turtlebot3_simulations -DCMAKE_INSTALL_PREFIX=/home/vivek/turtlebot-navigation/turtle_ws/install/turtlebot3_simulations
[0.134s] -- The C compiler identification is GNU 11.4.0
[0.191s] -- The CXX compiler identification is GNU 11.4.0
[0.203s] -- Detecting C compiler ABI info
[0.266s] -- Detecting C compiler ABI info - done
[0.273s] -- Check for working C compiler: /usr/lib/ccache/cc - skipped
[0.274s] -- Detecting C compile features
[0.274s] -- Detecting C compile features - done
[0.277s] -- Detecting CXX compiler ABI info
[0.335s] -- Detecting CXX compiler ABI info - done
[0.341s] -- Check for working CXX compiler: /usr/lib/ccache/c++ - skipped
[0.341s] -- Detecting CXX compile features
[0.341s] -- Detecting CXX compile features - done
[0.353s] -- Found ament_cmake: 1.3.8 (/opt/ros/humble/share/ament_cmake/cmake)
[0.507s] -- Found Python3: /usr/bin/python3 (found version "3.10.12") found components: Interpreter 
[0.672s] -- Configuring done
[0.674s] -- Generating done
[0.675s] -- Build files have been written to: /home/vivek/turtlebot-navigation/turtle_ws/build/turtlebot3_simulations
[0.679s] Invoked command in '/home/vivek/turtlebot-navigation/turtle_ws/build/turtlebot3_simulations' returned '0': AMENT_PREFIX_PATH=/home/vivek/turtlebot-navigation/turtle_ws/install/turtlebot3_gazebo:/home/vivek/turtlebot-navigation/turtle_ws/install/turtlebot3_fake_node:${AMENT_PREFIX_PATH} CMAKE_PREFIX_PATH=/home/vivek/turtlebot-navigation/turtle_ws/install/turtlebot3_gazebo:/home/vivek/turtlebot-navigation/turtle_ws/install/turtlebot3_fake_node:/home/vivek/turtlebot3_nav_ws/install/turtlebot3_simulations:/home/vivek/turtlebot3_nav_ws/install/turtlebot3_gazebo:/home/vivek/turtlebot3_nav_ws/install/turtlebot3_fake_node:/home/vivek/eyantra_ws/install/ur5_moveit:/home/vivek/eyantra_ws/install/ur_description:/home/vivek/eyantra_ws/install/realsense_gazebo_plugin:/home/vivek/eyantra_ws/install/pymoveit2:/home/vivek/eyantra_ws/install/linkattacher_msgs:/home/vivek/eyantra_ws/install/gazebo_ros2_control:/home/vivek/eyantra_ws/install/eyantra_warehouse:/home/vivek/eyantra_ws/install/ebot_nav2:/home/vivek/eyantra_ws/install/ebot_description:/home/vivek/eyantra_ws/install/ebot_docking:/home/vivek/eyantra_ws/install/aws_robomaker_small_warehouse_world:/opt/ros/humble /usr/bin/cmake /home/vivek/turtlebot-navigation/turtle_ws/src/turtlebot3_simulations -DCMAKE_INSTALL_PREFIX=/home/vivek/turtlebot-navigation/turtle_ws/install/turtlebot3_simulations
[0.680s] Invoking command in '/home/vivek/turtlebot-navigation/turtle_ws/build/turtlebot3_simulations': AMENT_PREFIX_PATH=/home/vivek/turtlebot-navigation/turtle_ws/install/turtlebot3_gazebo:/home/vivek/turtlebot-navigation/turtle_ws/install/turtlebot3_fake_node:${AMENT_PREFIX_PATH} CMAKE_PREFIX_PATH=/home/vivek/turtlebot-navigation/turtle_ws/install/turtlebot3_gazebo:/home/vivek/turtlebot-navigation/turtle_ws/install/turtlebot3_fake_node:/home/vivek/turtlebot3_nav_ws/install/turtlebot3_simulations:/home/vivek/turtlebot3_nav_ws/install/turtlebot3_gazebo:/home/vivek/turtlebot3_nav_ws/install/turtlebot3_fake_node:/home/vivek/eyantra_ws/install/ur5_moveit:/home/vivek/eyantra_ws/install/ur_description:/home/vivek/eyantra_ws/install/realsense_gazebo_plugin:/home/vivek/eyantra_ws/install/pymoveit2:/home/vivek/eyantra_ws/install/linkattacher_msgs:/home/vivek/eyantra_ws/install/gazebo_ros2_control:/home/vivek/eyantra_ws/install/eyantra_warehouse:/home/vivek/eyantra_ws/install/ebot_nav2:/home/vivek/eyantra_ws/install/ebot_description:/home/vivek/eyantra_ws/install/ebot_docking:/home/vivek/eyantra_ws/install/aws_robomaker_small_warehouse_world:/opt/ros/humble /usr/bin/cmake --build /home/vivek/turtlebot-navigation/turtle_ws/build/turtlebot3_simulations -- -j8 -l8
[0.716s] Invoked command in '/home/vivek/turtlebot-navigation/turtle_ws/build/turtlebot3_simulations' returned '0': AMENT_PREFIX_PATH=/home/vivek/turtlebot-navigation/turtle_ws/install/turtlebot3_gazebo:/home/vivek/turtlebot-navigation/turtle_ws/install/turtlebot3_fake_node:${AMENT_PREFIX_PATH} CMAKE_PREFIX_PATH=/home/vivek/turtlebot-navigation/turtle_ws/install/turtlebot3_gazebo:/home/vivek/turtlebot-navigation/turtle_ws/install/turtlebot3_fake_node:/home/vivek/turtlebot3_nav_ws/install/turtlebot3_simulations:/home/vivek/turtlebot3_nav_ws/install/turtlebot3_gazebo:/home/vivek/turtlebot3_nav_ws/install/turtlebot3_fake_node:/home/vivek/eyantra_ws/install/ur5_moveit:/home/vivek/eyantra_ws/install/ur_description:/home/vivek/eyantra_ws/install/realsense_gazebo_plugin:/home/vivek/eyantra_ws/install/pymoveit2:/home/vivek/eyantra_ws/install/linkattacher_msgs:/home/vivek/eyantra_ws/install/gazebo_ros2_control:/home/vivek/eyantra_ws/install/eyantra_warehouse:/home/vivek/eyantra_ws/install/ebot_nav2:/home/vivek/eyantra_ws/install/ebot_description:/home/vivek/eyantra_ws/install/ebot_docking:/home/vivek/eyantra_ws/install/aws_robomaker_small_warehouse_world:/opt/ros/humble /usr/bin/cmake --build /home/vivek/turtlebot-navigation/turtle_ws/build/turtlebot3_simulations -- -j8 -l8
[0.739s] Invoking command in '/home/vivek/turtlebot-navigation/turtle_ws/build/turtlebot3_simulations': AMENT_PREFIX_PATH=/home/vivek/turtlebot-navigation/turtle_ws/install/turtlebot3_gazebo:/home/vivek/turtlebot-navigation/turtle_ws/install/turtlebot3_fake_node:${AMENT_PREFIX_PATH} CMAKE_PREFIX_PATH=/home/vivek/turtlebot-navigation/turtle_ws/install/turtlebot3_gazebo:/home/vivek/turtlebot-navigation/turtle_ws/install/turtlebot3_fake_node:/home/vivek/turtlebot3_nav_ws/install/turtlebot3_simulations:/home/vivek/turtlebot3_nav_ws/install/turtlebot3_gazebo:/home/vivek/turtlebot3_nav_ws/install/turtlebot3_fake_node:/home/vivek/eyantra_ws/install/ur5_moveit:/home/vivek/eyantra_ws/install/ur_description:/home/vivek/eyantra_ws/install/realsense_gazebo_plugin:/home/vivek/eyantra_ws/install/pymoveit2:/home/vivek/eyantra_ws/install/linkattacher_msgs:/home/vivek/eyantra_ws/install/gazebo_ros2_control:/home/vivek/eyantra_ws/install/eyantra_warehouse:/home/vivek/eyantra_ws/install/ebot_nav2:/home/vivek/eyantra_ws/install/ebot_description:/home/vivek/eyantra_ws/install/ebot_docking:/home/vivek/eyantra_ws/install/aws_robomaker_small_warehouse_world:/opt/ros/humble /usr/bin/cmake --install /home/vivek/turtlebot-navigation/turtle_ws/build/turtlebot3_simulations
[0.745s] -- Install configuration: ""
[0.745s] -- Installing: /home/vivek/turtlebot-navigation/turtle_ws/install/turtlebot3_simulations/share/ament_index/resource_index/package_run_dependencies/turtlebot3_simulations
[0.746s] -- Installing: /home/vivek/turtlebot-navigation/turtle_ws/install/turtlebot3_simulations/share/ament_index/resource_index/parent_prefix_path/turtlebot3_simulations
[0.746s] -- Installing: /home/vivek/turtlebot-navigation/turtle_ws/install/turtlebot3_simulations/share/turtlebot3_simulations/environment/ament_prefix_path.sh
[0.746s] -- Installing: /home/vivek/turtlebot-navigation/turtle_ws/install/turtlebot3_simulations/share/turtlebot3_simulations/environment/ament_prefix_path.dsv
[0.746s] -- Installing: /home/vivek/turtlebot-navigation/turtle_ws/install/turtlebot3_simulations/share/turtlebot3_simulations/environment/path.sh
[0.746s] -- Installing: /home/vivek/turtlebot-navigation/turtle_ws/install/turtlebot3_simulations/share/turtlebot3_simulations/environment/path.dsv
[0.746s] -- Installing: /home/vivek/turtlebot-navigation/turtle_ws/install/turtlebot3_simulations/share/turtlebot3_simulations/local_setup.bash
[0.746s] -- Installing: /home/vivek/turtlebot-navigation/turtle_ws/install/turtlebot3_simulations/share/turtlebot3_simulations/local_setup.sh
[0.746s] -- Installing: /home/vivek/turtlebot-navigation/turtle_ws/install/turtlebot3_simulations/share/turtlebot3_simulations/local_setup.zsh
[0.746s] -- Installing: /home/vivek/turtlebot-navigation/turtle_ws/install/turtlebot3_simulations/share/turtlebot3_simulations/local_setup.dsv
[0.746s] -- Installing: /home/vivek/turtlebot-navigation/turtle_ws/install/turtlebot3_simulations/share/turtlebot3_simulations/package.dsv
[0.747s] -- Installing: /home/vivek/turtlebot-navigation/turtle_ws/install/turtlebot3_simulations/share/ament_index/resource_index/packages/turtlebot3_simulations
[0.747s] -- Installing: /home/vivek/turtlebot-navigation/turtle_ws/install/turtlebot3_simulations/share/turtlebot3_simulations/cmake/turtlebot3_simulationsConfig.cmake
[0.747s] -- Installing: /home/vivek/turtlebot-navigation/turtle_ws/install/turtlebot3_simulations/share/turtlebot3_simulations/cmake/turtlebot3_simulationsConfig-version.cmake
[0.747s] -- Installing: /home/vivek/turtlebot-navigation/turtle_ws/install/turtlebot3_simulations/share/turtlebot3_simulations/package.xml
[0.749s] Invoked command in '/home/vivek/turtlebot-navigation/turtle_ws/build/turtlebot3_simulations' returned '0': AMENT_PREFIX_PATH=/home/vivek/turtlebot-navigation/turtle_ws/install/turtlebot3_gazebo:/home/vivek/turtlebot-navigation/turtle_ws/install/turtlebot3_fake_node:${AMENT_PREFIX_PATH} CMAKE_PREFIX_PATH=/home/vivek/turtlebot-navigation/turtle_ws/install/turtlebot3_gazebo:/home/vivek/turtlebot-navigation/turtle_ws/install/turtlebot3_fake_node:/home/vivek/turtlebot3_nav_ws/install/turtlebot3_simulations:/home/vivek/turtlebot3_nav_ws/install/turtlebot3_gazebo:/home/vivek/turtlebot3_nav_ws/install/turtlebot3_fake_node:/home/vivek/eyantra_ws/install/ur5_moveit:/home/vivek/eyantra_ws/install/ur_description:/home/vivek/eyantra_ws/install/realsense_gazebo_plugin:/home/vivek/eyantra_ws/install/pymoveit2:/home/vivek/eyantra_ws/install/linkattacher_msgs:/home/vivek/eyantra_ws/install/gazebo_ros2_control:/home/vivek/eyantra_ws/install/eyantra_warehouse:/home/vivek/eyantra_ws/install/ebot_nav2:/home/vivek/eyantra_ws/install/ebot_description:/home/vivek/eyantra_ws/install/ebot_docking:/home/vivek/eyantra_ws/install/aws_robomaker_small_warehouse_world:/opt/ros/humble /usr/bin/cmake --install /home/vivek/turtlebot-navigation/turtle_ws/build/turtlebot3_simulations
