[0.065s] Invoking command in '/home/vivek/turtlebot-navigation/turtle_ws/build/turtlebot3_gazebo': CMAKE_PREFIX_PATH=${CMAKE_PREFIX_PATH}:/opt/ros/humble /usr/bin/cmake /home/vivek/turtlebot-navigation/turtle_ws/src/turtlebot3_gazebo -DCMAKE_INSTALL_PREFIX=/home/vivek/turtlebot-navigation/turtle_ws/install/turtlebot3_gazebo
[0.235s] -- The C compiler identification is GNU 11.4.0
[0.348s] -- The CXX compiler identification is GNU 11.4.0
[0.362s] -- Detecting C compiler ABI info
[0.424s] -- Detecting C compiler ABI info - done
[0.430s] -- Check for working C compiler: /usr/lib/ccache/cc - skipped
[0.430s] -- Detecting C compile features
[0.431s] -- Detecting C compile features - done
[0.434s] -- Detecting CXX compiler ABI info
[0.494s] -- Detecting CXX compiler ABI info - done
[0.500s] -- Check for working CXX compiler: /usr/lib/ccache/c++ - skipped
[0.500s] -- Detecting CXX compile features
[0.500s] -- Detecting CXX compile features - done
[0.508s] -- Found ament_cmake: 1.3.8 (/opt/ros/humble/share/ament_cmake/cmake)
[0.639s] -- Found Python3: /usr/bin/python3 (found version "3.10.12") found components: Interpreter 
[0.752s] [33mCMake Warning (dev) at /usr/share/cmake-3.22/Modules/FindPackageHandleStandardArgs.cmake:438 (message):
[0.752s]   The package name passed to `find_package_handle_standard_args` (PkgConfig)
[0.752s]   does not match the name of the calling package (gazebo).  This can lead to
[0.752s]   problems in calling code that expects `find_package` result variables
[0.752s]   (e.g., `_FOUND`) to follow a certain pattern.
[0.752s] Call Stack (most recent call first):
[0.752s]   /usr/share/cmake-3.22/Modules/FindPkgConfig.cmake:99 (find_package_handle_standard_args)
[0.752s]   /usr/lib/x86_64-linux-gnu/cmake/gazebo/gazebo-config.cmake:72 (include)
[0.752s]   CMakeLists.txt:23 (find_package)
[0.752s] This warning is for project developers.  Use -Wno-dev to suppress it.
[0.752s] [0m
[0.752s] -- Found PkgConfig: /usr/bin/pkg-config (found version "0.29.2") 
[0.759s] -- Checking for module 'bullet>=2.82'
[0.771s] --   Found bullet, version 3.05
[0.866s] -- Found fcl: /usr/include (found suitable version "0.7.0", minimum required is "0.5.0") 
[0.908s] -- Found assimp: /usr/include (found version "5.2.0") 
[0.933s] -- Found DART: /usr/include (Required is at least version "6.6") found components: dart 
[1.128s] -- Found Boost: /usr/lib/x86_64-linux-gnu/cmake/Boost-1.74.0/BoostConfig.cmake (found suitable version "1.74.0", minimum required is "1.40.0") found components: thread system filesystem program_options regex iostreams date_time 
[1.155s] -- Found Protobuf: /usr/lib/x86_64-linux-gnu/libprotobuf.so (found version "3.12.4") 
[1.163s] -- Looking for ignition-math6 -- found version 6.15.1
[1.174s] -- Searching for dependencies of ignition-math6
[1.176s] -- Looking for OGRE...
[1.176s] -- OGRE_PREFIX_WATCH changed.
[1.181s] -- Checking for module 'OGRE'
[1.192s] --   Found OGRE, version 1.9.0
[1.219s] -- Found Ogre Ghadamon (1.9.0)
[1.229s] -- Found OGRE: optimized;/usr/lib/x86_64-linux-gnu/libOgreMain.so;debug;/usr/lib/x86_64-linux-gnu/libOgreMain.so
[1.236s] -- Looking for OGRE_Paging...
[1.243s] -- Found OGRE_Paging: optimized;/usr/lib/x86_64-linux-gnu/libOgrePaging.so;debug;/usr/lib/x86_64-linux-gnu/libOgrePaging.so
[1.243s] -- Looking for OGRE_Terrain...
[1.248s] -- Found OGRE_Terrain: optimized;/usr/lib/x86_64-linux-gnu/libOgreTerrain.so;debug;/usr/lib/x86_64-linux-gnu/libOgreTerrain.so
[1.248s] -- Looking for OGRE_Property...
[1.254s] -- Found OGRE_Property: optimized;/usr/lib/x86_64-linux-gnu/libOgreProperty.so;debug;/usr/lib/x86_64-linux-gnu/libOgreProperty.so
[1.254s] -- Looking for OGRE_RTShaderSystem...
[1.260s] -- Found OGRE_RTShaderSystem: optimized;/usr/lib/x86_64-linux-gnu/libOgreRTShaderSystem.so;debug;/usr/lib/x86_64-linux-gnu/libOgreRTShaderSystem.so
[1.260s] -- Looking for OGRE_Volume...
[1.265s] -- Found OGRE_Volume: optimized;/usr/lib/x86_64-linux-gnu/libOgreVolume.so;debug;/usr/lib/x86_64-linux-gnu/libOgreVolume.so
[1.265s] -- Looking for OGRE_Overlay...
[1.270s] -- Found OGRE_Overlay: optimized;/usr/lib/x86_64-linux-gnu/libOgreOverlay.so;debug;/usr/lib/x86_64-linux-gnu/libOgreOverlay.so
[1.383s] -- Looking for ignition-math6 -- found version 6.15.1
[1.386s] -- Looking for ignition-transport8 -- found version 8.2.1
[1.386s] -- Searching for dependencies of ignition-transport8
[1.402s] -- Found Protobuf: /usr/lib/x86_64-linux-gnu/libprotobuf.so (found suitable version "3.12.4", minimum required is "3") 
[1.412s] -- Config-file not installed for ZeroMQ -- checking for pkg-config
[1.416s] -- Checking for module 'libzmq >= 4'
[1.430s] --   Found libzmq , version 4.3.4
[1.459s] -- Found ZeroMQ: TRUE (Required is at least version "4") 
[1.464s] -- Checking for module 'uuid'
[1.476s] --   Found uuid, version 2.37.2
[1.504s] -- Found UUID: TRUE  
[1.508s] -- Looking for ignition-msgs5 -- found version 5.8.1
[1.508s] -- Searching for dependencies of ignition-msgs5
[1.524s] -- Looking for ignition-math6 -- found version 6.15.1
[1.529s] -- Checking for module 'tinyxml2'
[1.540s] --   Found tinyxml2, version 9.0.0
[1.569s] -- Looking for ignition-msgs5 -- found version 5.8.1
[1.573s] -- Looking for ignition-common3 -- found version 3.14.0
[1.573s] -- Searching for dependencies of ignition-common3
[1.573s] -- Looking for dlfcn.h - found
[1.574s] -- Looking for libdl - found
[1.575s] -- Found DL: TRUE  
[1.587s] -- Found tinyobjloader: /usr/lib/x86_64-linux-gnu/cmake/tinyobjloader/tinyobjloader-config.cmake (found version "2.0.0") 
[1.588s] -- Searching for <ignition-common3> component [graphics]
[1.591s] -- Looking for ignition-common3-graphics -- found version 3.14.0
[1.592s] -- Searching for dependencies of ignition-common3-graphics
[1.592s] -- Looking for ignition-math6 -- found version 6.15.1
[1.596s] -- Looking for ignition-fuel_tools4 -- found version 4.4.0
[1.596s] -- Searching for dependencies of ignition-fuel_tools4
[1.663s] -- Found CURL: /usr/lib/x86_64-linux-gnu/libcurl.so (found version "7.81.0")  
[1.673s] -- Checking for module 'jsoncpp'
[1.685s] --   Found jsoncpp, version 1.9.5
[1.713s] -- Found JSONCPP: TRUE  
[1.720s] -- Checking for module 'libzip'
[1.731s] --   Found libzip, version 1.7.3
[1.760s] -- Found ZIP: TRUE  
[1.760s] -- Looking for ignition-common3 -- found version 3.14.0
[1.760s] -- Looking for ignition-math6 -- found version 6.15.1
[1.761s] -- Looking for ignition-msgs5 -- found version 5.8.1
[1.769s] -- Found gazebo_ros_pkgs: 3.7.0 (/opt/ros/humble/share/gazebo_ros_pkgs/cmake)
[1.772s] -- Found geometry_msgs: 4.2.3 (/opt/ros/humble/share/geometry_msgs/cmake)
[1.807s] -- Found rosidl_generator_c: 3.1.5 (/opt/ros/humble/share/rosidl_generator_c/cmake)
[1.812s] -- Found rosidl_adapter: 3.1.5 (/opt/ros/humble/share/rosidl_adapter/cmake)
[1.821s] -- Found rosidl_generator_cpp: 3.1.5 (/opt/ros/humble/share/rosidl_generator_cpp/cmake)
[1.833s] -- Using all available rosidl_typesupport_c: rosidl_typesupport_fastrtps_c;rosidl_typesupport_introspection_c
[1.850s] -- Using all available rosidl_typesupport_cpp: rosidl_typesupport_fastrtps_cpp;rosidl_typesupport_introspection_cpp
[1.939s] -- Found nav_msgs: 4.2.3 (/opt/ros/humble/share/nav_msgs/cmake)
[2.005s] -- Found rclcpp: 16.0.8 (/opt/ros/humble/share/rclcpp/cmake)
[2.055s] -- Found rmw_implementation_cmake: 6.1.1 (/opt/ros/humble/share/rmw_implementation_cmake/cmake)
[2.058s] -- Found rmw_cyclonedds_cpp: 1.3.4 (/opt/ros/humble/share/rmw_cyclonedds_cpp/cmake)
[2.086s] -- Using RMW implementation 'rmw_cyclonedds_cpp' as default
[2.096s] -- Found Threads: TRUE  
[2.190s] -- Found sensor_msgs: 4.2.3 (/opt/ros/humble/share/sensor_msgs/cmake)
[2.254s] -- Found tf2: 0.25.6 (/opt/ros/humble/share/tf2/cmake)
[2.321s] -- Configuring done
[2.370s] -- Generating done
[2.372s] -- Build files have been written to: /home/vivek/turtlebot-navigation/turtle_ws/build/turtlebot3_gazebo
[2.384s] Invoked command in '/home/vivek/turtlebot-navigation/turtle_ws/build/turtlebot3_gazebo' returned '0': CMAKE_PREFIX_PATH=${CMAKE_PREFIX_PATH}:/opt/ros/humble /usr/bin/cmake /home/vivek/turtlebot-navigation/turtle_ws/src/turtlebot3_gazebo -DCMAKE_INSTALL_PREFIX=/home/vivek/turtlebot-navigation/turtle_ws/install/turtlebot3_gazebo
[2.386s] Invoking command in '/home/vivek/turtlebot-navigation/turtle_ws/build/turtlebot3_gazebo': CMAKE_PREFIX_PATH=${CMAKE_PREFIX_PATH}:/opt/ros/humble /usr/bin/cmake --build /home/vivek/turtlebot-navigation/turtle_ws/build/turtlebot3_gazebo -- -j8 -l8
[2.435s] [ 12%] [32mBuilding CXX object CMakeFiles/obstacle2.dir/models/turtlebot3_dqn_world/obstacle_plugin/obstacle2.cc.o[0m
[2.436s] [ 25%] [32mBuilding CXX object CMakeFiles/obstacles.dir/models/turtlebot3_dqn_world/obstacle_plugin/obstacles.cc.o[0m
[2.439s] [ 37%] [32mBuilding CXX object CMakeFiles/turtlebot3_drive.dir/src/turtlebot3_drive.cpp.o[0m
[2.440s] [ 50%] [32mBuilding CXX object CMakeFiles/obstacle1.dir/models/turtlebot3_dqn_world/obstacle_plugin/obstacle1.cc.o[0m
[16.769s] [ 62%] [32m[1mLinking CXX executable turtlebot3_drive[0m
[17.717s] [ 62%] Built target turtlebot3_drive
[19.290s] [ 75%] [32m[1mLinking CXX shared library libobstacles.so[0m
[19.614s] [ 75%] Built target obstacles
[19.697s] [ 87%] [32m[1mLinking CXX shared library libobstacle1.so[0m
[19.734s] [100%] [32m[1mLinking CXX shared library libobstacle2.so[0m
[19.972s] [100%] Built target obstacle1
[19.997s] [100%] Built target obstacle2
[20.007s] Invoked command in '/home/vivek/turtlebot-navigation/turtle_ws/build/turtlebot3_gazebo' returned '0': CMAKE_PREFIX_PATH=${CMAKE_PREFIX_PATH}:/opt/ros/humble /usr/bin/cmake --build /home/vivek/turtlebot-navigation/turtle_ws/build/turtlebot3_gazebo -- -j8 -l8
[20.043s] Invoking command in '/home/vivek/turtlebot-navigation/turtle_ws/build/turtlebot3_gazebo': CMAKE_PREFIX_PATH=${CMAKE_PREFIX_PATH}:/opt/ros/humble /usr/bin/cmake --install /home/vivek/turtlebot-navigation/turtle_ws/build/turtlebot3_gazebo
[20.053s] -- Install configuration: ""
[20.053s] -- Installing: /home/vivek/turtlebot-navigation/turtle_ws/install/turtlebot3_gazebo/lib/turtlebot3_gazebo/turtlebot3_drive
[20.057s] -- Set runtime path of "/home/vivek/turtlebot-navigation/turtle_ws/install/turtlebot3_gazebo/lib/turtlebot3_gazebo/turtlebot3_drive" to ""
[20.057s] -- Installing: /home/vivek/turtlebot-navigation/turtle_ws/install/turtlebot3_gazebo/share/turtlebot3_gazebo//launch
[20.057s] -- Installing: /home/vivek/turtlebot-navigation/turtle_ws/install/turtlebot3_gazebo/share/turtlebot3_gazebo//launch/turtlebot3_dqn_stage4.launch.py
[20.058s] -- Installing: /home/vivek/turtlebot-navigation/turtle_ws/install/turtlebot3_gazebo/share/turtlebot3_gazebo//launch/turtlebot3_dqn_stage3.launch.py
[20.058s] -- Installing: /home/vivek/turtlebot-navigation/turtle_ws/install/turtlebot3_gazebo/share/turtlebot3_gazebo//launch/turtlebot3_dqn_stage2.launch.py
[20.058s] -- Installing: /home/vivek/turtlebot-navigation/turtle_ws/install/turtlebot3_gazebo/share/turtlebot3_gazebo//launch/spawn_turtlebot3.launch.py
[20.058s] -- Installing: /home/vivek/turtlebot-navigation/turtle_ws/install/turtlebot3_gazebo/share/turtlebot3_gazebo//launch/turtlebot3_world.launch.py
[20.058s] -- Installing: /home/vivek/turtlebot-navigation/turtle_ws/install/turtlebot3_gazebo/share/turtlebot3_gazebo//launch/turtlebot3_house.launch.py
[20.058s] -- Installing: /home/vivek/turtlebot-navigation/turtle_ws/install/turtlebot3_gazebo/share/turtlebot3_gazebo//launch/turtlebot3_dqn_stage1.launch.py
[20.058s] -- Installing: /home/vivek/turtlebot-navigation/turtle_ws/install/turtlebot3_gazebo/share/turtlebot3_gazebo//launch/robot_state_publisher.launch.py
[20.059s] -- Installing: /home/vivek/turtlebot-navigation/turtle_ws/install/turtlebot3_gazebo/share/turtlebot3_gazebo//launch/empty_world.launch.py
[20.059s] -- Installing: /home/vivek/turtlebot-navigation/turtle_ws/install/turtlebot3_gazebo/share/turtlebot3_gazebo//launch/maze.launch.py
[20.059s] -- Installing: /home/vivek/turtlebot-navigation/turtle_ws/install/turtlebot3_gazebo/share/turtlebot3_gazebo//models
[20.060s] -- Installing: /home/vivek/turtlebot-navigation/turtle_ws/install/turtlebot3_gazebo/share/turtlebot3_gazebo//models/turtlebot3_house
[20.060s] -- Installing: /home/vivek/turtlebot-navigation/turtle_ws/install/turtlebot3_gazebo/share/turtlebot3_gazebo//models/turtlebot3_house/model.sdf
[20.061s] -- Installing: /home/vivek/turtlebot-navigation/turtle_ws/install/turtlebot3_gazebo/share/turtlebot3_gazebo//models/turtlebot3_house/model.config
[20.061s] -- Installing: /home/vivek/turtlebot-navigation/turtle_ws/install/turtlebot3_gazebo/share/turtlebot3_gazebo//models/turtlebot3_dqn_world
[20.061s] -- Installing: /home/vivek/turtlebot-navigation/turtle_ws/install/turtlebot3_gazebo/share/turtlebot3_gazebo//models/turtlebot3_dqn_world/obstacle_plugin
[20.061s] -- Installing: /home/vivek/turtlebot-navigation/turtle_ws/install/turtlebot3_gazebo/share/turtlebot3_gazebo//models/turtlebot3_dqn_world/obstacle_plugin/obstacles.cc
[20.061s] -- Installing: /home/vivek/turtlebot-navigation/turtle_ws/install/turtlebot3_gazebo/share/turtlebot3_gazebo//models/turtlebot3_dqn_world/obstacle_plugin/obstacle1.cc
[20.061s] -- Installing: /home/vivek/turtlebot-navigation/turtle_ws/install/turtlebot3_gazebo/share/turtlebot3_gazebo//models/turtlebot3_dqn_world/obstacle_plugin/obstacle2.cc
[20.062s] -- Installing: /home/vivek/turtlebot-navigation/turtle_ws/install/turtlebot3_gazebo/share/turtlebot3_gazebo//models/turtlebot3_dqn_world/obstacle_plugin/CMakeLists.txt
[20.062s] -- Installing: /home/vivek/turtlebot-navigation/turtle_ws/install/turtlebot3_gazebo/share/turtlebot3_gazebo//models/turtlebot3_dqn_world/model.sdf
[20.062s] -- Installing: /home/vivek/turtlebot-navigation/turtle_ws/install/turtlebot3_gazebo/share/turtlebot3_gazebo//models/turtlebot3_dqn_world/obstacle2
[20.062s] -- Installing: /home/vivek/turtlebot-navigation/turtle_ws/install/turtlebot3_gazebo/share/turtlebot3_gazebo//models/turtlebot3_dqn_world/obstacle2/model.sdf
[20.062s] -- Installing: /home/vivek/turtlebot-navigation/turtle_ws/install/turtlebot3_gazebo/share/turtlebot3_gazebo//models/turtlebot3_dqn_world/obstacle2/model.config
[20.062s] -- Installing: /home/vivek/turtlebot-navigation/turtle_ws/install/turtlebot3_gazebo/share/turtlebot3_gazebo//models/turtlebot3_dqn_world/inner_walls
[20.062s] -- Installing: /home/vivek/turtlebot-navigation/turtle_ws/install/turtlebot3_gazebo/share/turtlebot3_gazebo//models/turtlebot3_dqn_world/inner_walls/model.sdf
[20.063s] -- Installing: /home/vivek/turtlebot-navigation/turtle_ws/install/turtlebot3_gazebo/share/turtlebot3_gazebo//models/turtlebot3_dqn_world/inner_walls/model.config
[20.063s] -- Installing: /home/vivek/turtlebot-navigation/turtle_ws/install/turtlebot3_gazebo/share/turtlebot3_gazebo//models/turtlebot3_dqn_world/model.config
[20.063s] -- Installing: /home/vivek/turtlebot-navigation/turtle_ws/install/turtlebot3_gazebo/share/turtlebot3_gazebo//models/turtlebot3_dqn_world/goal_box
[20.063s] -- Installing: /home/vivek/turtlebot-navigation/turtle_ws/install/turtlebot3_gazebo/share/turtlebot3_gazebo//models/turtlebot3_dqn_world/goal_box/model.sdf
[20.063s] -- Installing: /home/vivek/turtlebot-navigation/turtle_ws/install/turtlebot3_gazebo/share/turtlebot3_gazebo//models/turtlebot3_dqn_world/goal_box/model.config
[20.063s] -- Installing: /home/vivek/turtlebot-navigation/turtle_ws/install/turtlebot3_gazebo/share/turtlebot3_gazebo//models/turtlebot3_dqn_world/obstacle1
[20.063s] -- Installing: /home/vivek/turtlebot-navigation/turtle_ws/install/turtlebot3_gazebo/share/turtlebot3_gazebo//models/turtlebot3_dqn_world/obstacle1/model.sdf
[20.064s] -- Installing: /home/vivek/turtlebot-navigation/turtle_ws/install/turtlebot3_gazebo/share/turtlebot3_gazebo//models/turtlebot3_dqn_world/obstacle1/model.config
[20.064s] -- Installing: /home/vivek/turtlebot-navigation/turtle_ws/install/turtlebot3_gazebo/share/turtlebot3_gazebo//models/turtlebot3_dqn_world/obstacles
[20.064s] -- Installing: /home/vivek/turtlebot-navigation/turtle_ws/install/turtlebot3_gazebo/share/turtlebot3_gazebo//models/turtlebot3_dqn_world/obstacles/model.sdf
[20.064s] -- Installing: /home/vivek/turtlebot-navigation/turtle_ws/install/turtlebot3_gazebo/share/turtlebot3_gazebo//models/turtlebot3_dqn_world/obstacles/model.config
[20.064s] -- Installing: /home/vivek/turtlebot-navigation/turtle_ws/install/turtlebot3_gazebo/share/turtlebot3_gazebo//models/turtlebot3_common
[20.064s] -- Installing: /home/vivek/turtlebot-navigation/turtle_ws/install/turtlebot3_gazebo/share/turtlebot3_gazebo//models/turtlebot3_common/meshes
[20.065s] -- Installing: /home/vivek/turtlebot-navigation/turtle_ws/install/turtlebot3_gazebo/share/turtlebot3_gazebo//models/turtlebot3_common/meshes/r200.dae
[20.066s] -- Installing: /home/vivek/turtlebot-navigation/turtle_ws/install/turtlebot3_gazebo/share/turtlebot3_gazebo//models/turtlebot3_common/meshes/burger_base.dae
[20.066s] -- Installing: /home/vivek/turtlebot-navigation/turtle_ws/install/turtlebot3_gazebo/share/turtlebot3_gazebo//models/turtlebot3_common/meshes/waffle_pi_base.dae
[20.066s] -- Installing: /home/vivek/turtlebot-navigation/turtle_ws/install/turtlebot3_gazebo/share/turtlebot3_gazebo//models/turtlebot3_common/meshes/lds.dae
[20.067s] -- Installing: /home/vivek/turtlebot-navigation/turtle_ws/install/turtlebot3_gazebo/share/turtlebot3_gazebo//models/turtlebot3_common/meshes/waffle_base.dae
[20.067s] -- Installing: /home/vivek/turtlebot-navigation/turtle_ws/install/turtlebot3_gazebo/share/turtlebot3_gazebo//models/turtlebot3_common/meshes/tire.dae
[20.067s] -- Installing: /home/vivek/turtlebot-navigation/turtle_ws/install/turtlebot3_gazebo/share/turtlebot3_gazebo//models/turtlebot3_common/model.config
[20.067s] -- Installing: /home/vivek/turtlebot-navigation/turtle_ws/install/turtlebot3_gazebo/share/turtlebot3_gazebo//models/turtlebot3_world
[20.067s] -- Installing: /home/vivek/turtlebot-navigation/turtle_ws/install/turtlebot3_gazebo/share/turtlebot3_gazebo//models/turtlebot3_world/model.sdf
[20.068s] -- Installing: /home/vivek/turtlebot-navigation/turtle_ws/install/turtlebot3_gazebo/share/turtlebot3_gazebo//models/turtlebot3_world/model-1_4.sdf
[20.068s] -- Installing: /home/vivek/turtlebot-navigation/turtle_ws/install/turtlebot3_gazebo/share/turtlebot3_gazebo//models/turtlebot3_world/meshes
[20.068s] -- Installing: /home/vivek/turtlebot-navigation/turtle_ws/install/turtlebot3_gazebo/share/turtlebot3_gazebo//models/turtlebot3_world/meshes/hexagon.dae
[20.068s] -- Installing: /home/vivek/turtlebot-navigation/turtle_ws/install/turtlebot3_gazebo/share/turtlebot3_gazebo//models/turtlebot3_world/meshes/wall.dae
[20.068s] -- Installing: /home/vivek/turtlebot-navigation/turtle_ws/install/turtlebot3_gazebo/share/turtlebot3_gazebo//models/turtlebot3_world/model.config
[20.068s] -- Installing: /home/vivek/turtlebot-navigation/turtle_ws/install/turtlebot3_gazebo/share/turtlebot3_gazebo//models/turtlebot3_waffle
[20.069s] -- Installing: /home/vivek/turtlebot-navigation/turtle_ws/install/turtlebot3_gazebo/share/turtlebot3_gazebo//models/turtlebot3_waffle/model.sdf
[20.069s] -- Installing: /home/vivek/turtlebot-navigation/turtle_ws/install/turtlebot3_gazebo/share/turtlebot3_gazebo//models/turtlebot3_waffle/model-1_4.sdf
[20.069s] -- Installing: /home/vivek/turtlebot-navigation/turtle_ws/install/turtlebot3_gazebo/share/turtlebot3_gazebo//models/turtlebot3_waffle/model.config
[20.069s] -- Installing: /home/vivek/turtlebot-navigation/turtle_ws/install/turtlebot3_gazebo/share/turtlebot3_gazebo//models/turtlebot3_waffle_pi
[20.069s] -- Installing: /home/vivek/turtlebot-navigation/turtle_ws/install/turtlebot3_gazebo/share/turtlebot3_gazebo//models/turtlebot3_waffle_pi/model-1_4_.sdf
[20.069s] -- Installing: /home/vivek/turtlebot-navigation/turtle_ws/install/turtlebot3_gazebo/share/turtlebot3_gazebo//models/turtlebot3_waffle_pi/model.sdf
[20.070s] -- Installing: /home/vivek/turtlebot-navigation/turtle_ws/install/turtlebot3_gazebo/share/turtlebot3_gazebo//models/turtlebot3_waffle_pi/model.config
[20.070s] -- Installing: /home/vivek/turtlebot-navigation/turtle_ws/install/turtlebot3_gazebo/share/turtlebot3_gazebo//models/turtlebot3_burger
[20.070s] -- Installing: /home/vivek/turtlebot-navigation/turtle_ws/install/turtlebot3_gazebo/share/turtlebot3_gazebo//models/turtlebot3_burger/model.sdf
[20.070s] -- Installing: /home/vivek/turtlebot-navigation/turtle_ws/install/turtlebot3_gazebo/share/turtlebot3_gazebo//models/turtlebot3_burger/model-1_4.sdf
[20.070s] -- Installing: /home/vivek/turtlebot-navigation/turtle_ws/install/turtlebot3_gazebo/share/turtlebot3_gazebo//models/turtlebot3_burger/model.config
[20.071s] -- Installing: /home/vivek/turtlebot-navigation/turtle_ws/install/turtlebot3_gazebo/share/turtlebot3_gazebo//rviz
[20.071s] -- Installing: /home/vivek/turtlebot-navigation/turtle_ws/install/turtlebot3_gazebo/share/turtlebot3_gazebo//rviz/tb3_gazebo.rviz
[20.071s] -- Installing: /home/vivek/turtlebot-navigation/turtle_ws/install/turtlebot3_gazebo/share/turtlebot3_gazebo//urdf
[20.071s] -- Installing: /home/vivek/turtlebot-navigation/turtle_ws/install/turtlebot3_gazebo/share/turtlebot3_gazebo//urdf/turtlebot3_burger.urdf
[20.071s] -- Installing: /home/vivek/turtlebot-navigation/turtle_ws/install/turtlebot3_gazebo/share/turtlebot3_gazebo//urdf/turtlebot3_waffle.urdf
[20.071s] -- Installing: /home/vivek/turtlebot-navigation/turtle_ws/install/turtlebot3_gazebo/share/turtlebot3_gazebo//urdf/turtlebot3_waffle_pi.urdf
[20.071s] -- Installing: /home/vivek/turtlebot-navigation/turtle_ws/install/turtlebot3_gazebo/share/turtlebot3_gazebo//urdf/common_properties.urdf
[20.072s] -- Installing: /home/vivek/turtlebot-navigation/turtle_ws/install/turtlebot3_gazebo/share/turtlebot3_gazebo//worlds
[20.072s] -- Installing: /home/vivek/turtlebot-navigation/turtle_ws/install/turtlebot3_gazebo/share/turtlebot3_gazebo//worlds/turtlebot3_house.world
[20.072s] -- Installing: /home/vivek/turtlebot-navigation/turtle_ws/install/turtlebot3_gazebo/share/turtlebot3_gazebo//worlds/maze.world
[20.072s] -- Installing: /home/vivek/turtlebot-navigation/turtle_ws/install/turtlebot3_gazebo/share/turtlebot3_gazebo//worlds/turtlebot3_dqn_stage4.world
[20.072s] -- Installing: /home/vivek/turtlebot-navigation/turtle_ws/install/turtlebot3_gazebo/share/turtlebot3_gazebo//worlds/turtlebot3_dqn_stage3.world
[20.072s] -- Installing: /home/vivek/turtlebot-navigation/turtle_ws/install/turtlebot3_gazebo/share/turtlebot3_gazebo//worlds/turtlebot3_world.world
[20.073s] -- Installing: /home/vivek/turtlebot-navigation/turtle_ws/install/turtlebot3_gazebo/share/turtlebot3_gazebo//worlds/empty_world.world
[20.073s] -- Installing: /home/vivek/turtlebot-navigation/turtle_ws/install/turtlebot3_gazebo/share/turtlebot3_gazebo//worlds/turtlebot3_dqn_stage1.world
[20.073s] -- Installing: /home/vivek/turtlebot-navigation/turtle_ws/install/turtlebot3_gazebo/share/turtlebot3_gazebo//worlds/turtlebot3_dqn_stage2.world
[20.073s] -- Installing: /home/vivek/turtlebot-navigation/turtle_ws/install/turtlebot3_gazebo/include/
[20.073s] -- Installing: /home/vivek/turtlebot-navigation/turtle_ws/install/turtlebot3_gazebo/include//turtlebot3_gazebo
[20.074s] -- Installing: /home/vivek/turtlebot-navigation/turtle_ws/install/turtlebot3_gazebo/include//turtlebot3_gazebo/turtlebot3_drive.hpp
[20.074s] -- Installing: /home/vivek/turtlebot-navigation/turtle_ws/install/turtlebot3_gazebo/share/ament_index/resource_index/package_run_dependencies/turtlebot3_gazebo
[20.074s] -- Installing: /home/vivek/turtlebot-navigation/turtle_ws/install/turtlebot3_gazebo/share/ament_index/resource_index/parent_prefix_path/turtlebot3_gazebo
[20.074s] -- Installing: /home/vivek/turtlebot-navigation/turtle_ws/install/turtlebot3_gazebo/share/turtlebot3_gazebo/environment/ament_prefix_path.sh
[20.074s] -- Installing: /home/vivek/turtlebot-navigation/turtle_ws/install/turtlebot3_gazebo/share/turtlebot3_gazebo/environment/ament_prefix_path.dsv
[20.075s] -- Installing: /home/vivek/turtlebot-navigation/turtle_ws/install/turtlebot3_gazebo/share/turtlebot3_gazebo/environment/path.sh
[20.075s] -- Installing: /home/vivek/turtlebot-navigation/turtle_ws/install/turtlebot3_gazebo/share/turtlebot3_gazebo/environment/path.dsv
[20.075s] -- Installing: /home/vivek/turtlebot-navigation/turtle_ws/install/turtlebot3_gazebo/share/turtlebot3_gazebo/local_setup.bash
[20.075s] -- Installing: /home/vivek/turtlebot-navigation/turtle_ws/install/turtlebot3_gazebo/share/turtlebot3_gazebo/local_setup.sh
[20.075s] -- Installing: /home/vivek/turtlebot-navigation/turtle_ws/install/turtlebot3_gazebo/share/turtlebot3_gazebo/local_setup.zsh
[20.075s] -- Installing: /home/vivek/turtlebot-navigation/turtle_ws/install/turtlebot3_gazebo/share/turtlebot3_gazebo/local_setup.dsv
[20.076s] -- Installing: /home/vivek/turtlebot-navigation/turtle_ws/install/turtlebot3_gazebo/share/turtlebot3_gazebo/package.dsv
[20.076s] -- Installing: /home/vivek/turtlebot-navigation/turtle_ws/install/turtlebot3_gazebo/share/ament_index/resource_index/packages/turtlebot3_gazebo
[20.076s] -- Installing: /home/vivek/turtlebot-navigation/turtle_ws/install/turtlebot3_gazebo/share/turtlebot3_gazebo/cmake/ament_cmake_export_include_directories-extras.cmake
[20.076s] -- Installing: /home/vivek/turtlebot-navigation/turtle_ws/install/turtlebot3_gazebo/share/turtlebot3_gazebo/cmake/ament_cmake_export_dependencies-extras.cmake
[20.076s] -- Installing: /home/vivek/turtlebot-navigation/turtle_ws/install/turtlebot3_gazebo/share/turtlebot3_gazebo/cmake/turtlebot3_gazeboConfig.cmake
[20.076s] -- Installing: /home/vivek/turtlebot-navigation/turtle_ws/install/turtlebot3_gazebo/share/turtlebot3_gazebo/cmake/turtlebot3_gazeboConfig-version.cmake
[20.076s] -- Installing: /home/vivek/turtlebot-navigation/turtle_ws/install/turtlebot3_gazebo/share/turtlebot3_gazebo/package.xml
[20.078s] Invoked command in '/home/vivek/turtlebot-navigation/turtle_ws/build/turtlebot3_gazebo' returned '0': CMAKE_PREFIX_PATH=${CMAKE_PREFIX_PATH}:/opt/ros/humble /usr/bin/cmake --install /home/vivek/turtlebot-navigation/turtle_ws/build/turtlebot3_gazebo
