[1.951s] DEBUG:colcon:Command line arguments: ['/usr/bin/colcon', 'list', '-p', '--base-paths', '/home/vivek/turtlebot-navigation/turtle_ws']
[1.951s] DEBUG:colcon:Parsed command line arguments: Namespace(log_base=None, log_level=None, verb_name='list', build_base='build', ignore_user_meta=False, metas=['./colcon.meta'], base_paths=['/home/vivek/turtlebot-navigation/turtle_ws'], packages_ignore=None, packages_ignore_regex=None, paths=None, packages_up_to=None, packages_up_to_regex=None, packages_above=None, packages_above_and_dependencies=None, packages_above_depth=None, packages_select_by_dep=None, packages_skip_by_dep=None, packages_skip_up_to=None, packages_select_build_failed=False, packages_skip_build_finished=False, packages_select_test_failures=False, packages_skip_test_passed=False, packages_select=None, packages_skip=None, packages_select_regex=None, packages_skip_regex=None, packages_start=None, packages_end=None, allow_overriding=[], topological_order=False, names_only=False, paths_only=True, topological_graph=False, topological_graph_dot=False, topological_graph_density=False, topological_graph_legend=False, topological_graph_dot_cluster=False, topological_graph_dot_include_skipped=False, verb_parser=<colcon_defaults.argument_parser.defaults.DefaultArgumentsDecorator object at 0x792384e2a980>, verb_extension=<colcon_package_information.verb.list.ListVerb object at 0x792384e2ac20>, main=<bound method ListVerb.main of <colcon_package_information.verb.list.ListVerb object at 0x792384e2ac20>>)
[2.032s] Level 1:colcon.colcon_core.package_discovery:discover_packages(colcon_meta) check parameters
[2.032s] Level 1:colcon.colcon_core.package_discovery:discover_packages(recursive) check parameters
[2.032s] Level 1:colcon.colcon_core.package_discovery:discover_packages(ignore) check parameters
[2.032s] Level 1:colcon.colcon_core.package_discovery:discover_packages(path) check parameters
[2.032s] Level 1:colcon.colcon_core.package_discovery:discover_packages(recursive) discover
[2.033s] INFO:colcon.colcon_core.package_discovery:Crawling recursively for packages in '/home/vivek/turtlebot-navigation/turtle_ws'
[2.033s] Level 1:colcon.colcon_core.package_identification:_identify(/home/vivek/turtlebot-navigation/turtle_ws) by extensions ['ignore', 'ignore_ament_install']
[2.033s] Level 1:colcon.colcon_core.package_identification:_identify(/home/vivek/turtlebot-navigation/turtle_ws) by extension 'ignore'
[2.033s] Level 1:colcon.colcon_core.package_identification:_identify(/home/vivek/turtlebot-navigation/turtle_ws) by extension 'ignore_ament_install'
[2.033s] Level 1:colcon.colcon_core.package_identification:_identify(/home/vivek/turtlebot-navigation/turtle_ws) by extensions ['colcon_pkg']
[2.033s] Level 1:colcon.colcon_core.package_identification:_identify(/home/vivek/turtlebot-navigation/turtle_ws) by extension 'colcon_pkg'
[2.033s] Level 1:colcon.colcon_core.package_identification:_identify(/home/vivek/turtlebot-navigation/turtle_ws) by extensions ['colcon_meta']
[2.033s] Level 1:colcon.colcon_core.package_identification:_identify(/home/vivek/turtlebot-navigation/turtle_ws) by extension 'colcon_meta'
[2.033s] Level 1:colcon.colcon_core.package_identification:_identify(/home/vivek/turtlebot-navigation/turtle_ws) by extensions ['ros']
[2.033s] Level 1:colcon.colcon_core.package_identification:_identify(/home/vivek/turtlebot-navigation/turtle_ws) by extension 'ros'
[2.052s] Level 1:colcon.colcon_core.package_identification:_identify(/home/vivek/turtlebot-navigation/turtle_ws) by extensions ['cmake', 'python']
[2.052s] Level 1:colcon.colcon_core.package_identification:_identify(/home/vivek/turtlebot-navigation/turtle_ws) by extension 'cmake'
[2.052s] Level 1:colcon.colcon_core.package_identification:_identify(/home/vivek/turtlebot-navigation/turtle_ws) by extension 'python'
[2.053s] Level 1:colcon.colcon_core.package_identification:_identify(/home/vivek/turtlebot-navigation/turtle_ws) by extensions ['python_setup_py']
[2.053s] Level 1:colcon.colcon_core.package_identification:_identify(/home/vivek/turtlebot-navigation/turtle_ws) by extension 'python_setup_py'
[2.053s] Level 1:colcon.colcon_core.package_identification:_identify(/home/vivek/turtlebot-navigation/turtle_ws/build) by extensions ['ignore', 'ignore_ament_install']
[2.053s] Level 1:colcon.colcon_core.package_identification:_identify(/home/vivek/turtlebot-navigation/turtle_ws/build) by extension 'ignore'
[2.053s] Level 1:colcon.colcon_core.package_identification:_identify(/home/vivek/turtlebot-navigation/turtle_ws/build) ignored
[2.053s] Level 1:colcon.colcon_core.package_identification:_identify(/home/vivek/turtlebot-navigation/turtle_ws/install) by extensions ['ignore', 'ignore_ament_install']
[2.053s] Level 1:colcon.colcon_core.package_identification:_identify(/home/vivek/turtlebot-navigation/turtle_ws/install) by extension 'ignore'
[2.053s] Level 1:colcon.colcon_core.package_identification:_identify(/home/vivek/turtlebot-navigation/turtle_ws/install) ignored
[2.054s] Level 1:colcon.colcon_core.package_identification:_identify(/home/vivek/turtlebot-navigation/turtle_ws/log) by extensions ['ignore', 'ignore_ament_install']
[2.054s] Level 1:colcon.colcon_core.package_identification:_identify(/home/vivek/turtlebot-navigation/turtle_ws/log) by extension 'ignore'
[2.054s] Level 1:colcon.colcon_core.package_identification:_identify(/home/vivek/turtlebot-navigation/turtle_ws/log) ignored
[2.054s] Level 1:colcon.colcon_core.package_identification:_identify(/home/vivek/turtlebot-navigation/turtle_ws/src) by extensions ['ignore', 'ignore_ament_install']
[2.054s] Level 1:colcon.colcon_core.package_identification:_identify(/home/vivek/turtlebot-navigation/turtle_ws/src) by extension 'ignore'
[2.054s] Level 1:colcon.colcon_core.package_identification:_identify(/home/vivek/turtlebot-navigation/turtle_ws/src) by extension 'ignore_ament_install'
[2.054s] Level 1:colcon.colcon_core.package_identification:_identify(/home/vivek/turtlebot-navigation/turtle_ws/src) by extensions ['colcon_pkg']
[2.054s] Level 1:colcon.colcon_core.package_identification:_identify(/home/vivek/turtlebot-navigation/turtle_ws/src) by extension 'colcon_pkg'
[2.054s] Level 1:colcon.colcon_core.package_identification:_identify(/home/vivek/turtlebot-navigation/turtle_ws/src) by extensions ['colcon_meta']
[2.054s] Level 1:colcon.colcon_core.package_identification:_identify(/home/vivek/turtlebot-navigation/turtle_ws/src) by extension 'colcon_meta'
[2.054s] Level 1:colcon.colcon_core.package_identification:_identify(/home/vivek/turtlebot-navigation/turtle_ws/src) by extensions ['ros']
[2.054s] Level 1:colcon.colcon_core.package_identification:_identify(/home/vivek/turtlebot-navigation/turtle_ws/src) by extension 'ros'
[2.054s] Level 1:colcon.colcon_core.package_identification:_identify(/home/vivek/turtlebot-navigation/turtle_ws/src) by extensions ['cmake', 'python']
[2.054s] Level 1:colcon.colcon_core.package_identification:_identify(/home/vivek/turtlebot-navigation/turtle_ws/src) by extension 'cmake'
[2.054s] Level 1:colcon.colcon_core.package_identification:_identify(/home/vivek/turtlebot-navigation/turtle_ws/src) by extension 'python'
[2.054s] Level 1:colcon.colcon_core.package_identification:_identify(/home/vivek/turtlebot-navigation/turtle_ws/src) by extensions ['python_setup_py']
[2.054s] Level 1:colcon.colcon_core.package_identification:_identify(/home/vivek/turtlebot-navigation/turtle_ws/src) by extension 'python_setup_py'
[2.054s] Level 1:colcon.colcon_core.package_identification:_identify(/home/vivek/turtlebot-navigation/turtle_ws/src/turtlebot3_fake_node) by extensions ['ignore', 'ignore_ament_install']
[2.055s] Level 1:colcon.colcon_core.package_identification:_identify(/home/vivek/turtlebot-navigation/turtle_ws/src/turtlebot3_fake_node) by extension 'ignore'
[2.055s] Level 1:colcon.colcon_core.package_identification:_identify(/home/vivek/turtlebot-navigation/turtle_ws/src/turtlebot3_fake_node) by extension 'ignore_ament_install'
[2.055s] Level 1:colcon.colcon_core.package_identification:_identify(/home/vivek/turtlebot-navigation/turtle_ws/src/turtlebot3_fake_node) by extensions ['colcon_pkg']
[2.055s] Level 1:colcon.colcon_core.package_identification:_identify(/home/vivek/turtlebot-navigation/turtle_ws/src/turtlebot3_fake_node) by extension 'colcon_pkg'
[2.055s] Level 1:colcon.colcon_core.package_identification:_identify(/home/vivek/turtlebot-navigation/turtle_ws/src/turtlebot3_fake_node) by extensions ['colcon_meta']
[2.055s] Level 1:colcon.colcon_core.package_identification:_identify(/home/vivek/turtlebot-navigation/turtle_ws/src/turtlebot3_fake_node) by extension 'colcon_meta'
[2.055s] Level 1:colcon.colcon_core.package_identification:_identify(/home/vivek/turtlebot-navigation/turtle_ws/src/turtlebot3_fake_node) by extensions ['ros']
[2.055s] Level 1:colcon.colcon_core.package_identification:_identify(/home/vivek/turtlebot-navigation/turtle_ws/src/turtlebot3_fake_node) by extension 'ros'
[2.058s] DEBUG:colcon.colcon_core.package_identification:Package '/home/vivek/turtlebot-navigation/turtle_ws/src/turtlebot3_fake_node' with type 'ros.ament_cmake' and name 'turtlebot3_fake_node'
[2.058s] Level 1:colcon.colcon_core.package_identification:_identify(/home/vivek/turtlebot-navigation/turtle_ws/src/turtlebot3_gazebo) by extensions ['ignore', 'ignore_ament_install']
[2.059s] Level 1:colcon.colcon_core.package_identification:_identify(/home/vivek/turtlebot-navigation/turtle_ws/src/turtlebot3_gazebo) by extension 'ignore'
[2.059s] Level 1:colcon.colcon_core.package_identification:_identify(/home/vivek/turtlebot-navigation/turtle_ws/src/turtlebot3_gazebo) by extension 'ignore_ament_install'
[2.059s] Level 1:colcon.colcon_core.package_identification:_identify(/home/vivek/turtlebot-navigation/turtle_ws/src/turtlebot3_gazebo) by extensions ['colcon_pkg']
[2.059s] Level 1:colcon.colcon_core.package_identification:_identify(/home/vivek/turtlebot-navigation/turtle_ws/src/turtlebot3_gazebo) by extension 'colcon_pkg'
[2.059s] Level 1:colcon.colcon_core.package_identification:_identify(/home/vivek/turtlebot-navigation/turtle_ws/src/turtlebot3_gazebo) by extensions ['colcon_meta']
[2.059s] Level 1:colcon.colcon_core.package_identification:_identify(/home/vivek/turtlebot-navigation/turtle_ws/src/turtlebot3_gazebo) by extension 'colcon_meta'
[2.059s] Level 1:colcon.colcon_core.package_identification:_identify(/home/vivek/turtlebot-navigation/turtle_ws/src/turtlebot3_gazebo) by extensions ['ros']
[2.059s] Level 1:colcon.colcon_core.package_identification:_identify(/home/vivek/turtlebot-navigation/turtle_ws/src/turtlebot3_gazebo) by extension 'ros'
[2.060s] DEBUG:colcon.colcon_core.package_identification:Package '/home/vivek/turtlebot-navigation/turtle_ws/src/turtlebot3_gazebo' with type 'ros.ament_cmake' and name 'turtlebot3_gazebo'
[2.060s] Level 1:colcon.colcon_core.package_identification:_identify(/home/vivek/turtlebot-navigation/turtle_ws/src/turtlebot3_simulations) by extensions ['ignore', 'ignore_ament_install']
[2.060s] Level 1:colcon.colcon_core.package_identification:_identify(/home/vivek/turtlebot-navigation/turtle_ws/src/turtlebot3_simulations) by extension 'ignore'
[2.060s] Level 1:colcon.colcon_core.package_identification:_identify(/home/vivek/turtlebot-navigation/turtle_ws/src/turtlebot3_simulations) by extension 'ignore_ament_install'
[2.060s] Level 1:colcon.colcon_core.package_identification:_identify(/home/vivek/turtlebot-navigation/turtle_ws/src/turtlebot3_simulations) by extensions ['colcon_pkg']
[2.060s] Level 1:colcon.colcon_core.package_identification:_identify(/home/vivek/turtlebot-navigation/turtle_ws/src/turtlebot3_simulations) by extension 'colcon_pkg'
[2.060s] Level 1:colcon.colcon_core.package_identification:_identify(/home/vivek/turtlebot-navigation/turtle_ws/src/turtlebot3_simulations) by extensions ['colcon_meta']
[2.060s] Level 1:colcon.colcon_core.package_identification:_identify(/home/vivek/turtlebot-navigation/turtle_ws/src/turtlebot3_simulations) by extension 'colcon_meta'
[2.060s] Level 1:colcon.colcon_core.package_identification:_identify(/home/vivek/turtlebot-navigation/turtle_ws/src/turtlebot3_simulations) by extensions ['ros']
[2.060s] Level 1:colcon.colcon_core.package_identification:_identify(/home/vivek/turtlebot-navigation/turtle_ws/src/turtlebot3_simulations) by extension 'ros'
[2.060s] DEBUG:colcon.colcon_core.package_identification:Package '/home/vivek/turtlebot-navigation/turtle_ws/src/turtlebot3_simulations' with type 'ros.ament_cmake' and name 'turtlebot3_simulations'
[2.061s] Level 1:colcon.colcon_core.package_discovery:discover_packages(recursive) using defaults
