[0.123s] Invoking command in '/home/vivek/turtlebot-navigation/turtle_ws/build/turtlebot3_fake_node': CMAKE_PREFIX_PATH=${CMAKE_PREFIX_PATH}:/opt/ros/humble /usr/bin/cmake /home/vivek/turtlebot-navigation/turtle_ws/src/turtlebot3_fake_node -DCMAKE_INSTALL_PREFIX=/home/vivek/turtlebot-navigation/turtle_ws/install/turtlebot3_fake_node
[0.298s] -- The C compiler identification is GNU 11.4.0
[0.410s] -- The CXX compiler identification is GNU 11.4.0
[0.425s] -- Detecting C compiler ABI info
[0.487s] -- Detecting C compiler ABI info - done
[0.498s] -- Check for working C compiler: /usr/lib/ccache/cc - skipped
[0.498s] -- Detecting C compile features
[0.498s] -- Detecting C compile features - done
[0.502s] -- Detecting CXX compiler ABI info
[0.564s] -- Detecting CXX compiler ABI info - done
[0.570s] -- Check for working CXX compiler: /usr/lib/ccache/c++ - skipped
[0.570s] -- Detecting CXX compile features
[0.571s] -- Detecting CXX compile features - done
[0.573s] -- Found ament_cmake: 1.3.8 (/opt/ros/humble/share/ament_cmake/cmake)
[0.701s] -- Found Python3: /usr/bin/python3 (found version "3.10.12") found components: Interpreter 
[0.804s] -- Found geometry_msgs: 4.2.3 (/opt/ros/humble/share/geometry_msgs/cmake)
[0.857s] -- Found rosidl_generator_c: 3.1.5 (/opt/ros/humble/share/rosidl_generator_c/cmake)
[0.863s] -- Found rosidl_adapter: 3.1.5 (/opt/ros/humble/share/rosidl_adapter/cmake)
[0.874s] -- Found rosidl_generator_cpp: 3.1.5 (/opt/ros/humble/share/rosidl_generator_cpp/cmake)
[0.894s] -- Using all available rosidl_typesupport_c: rosidl_typesupport_fastrtps_c;rosidl_typesupport_introspection_c
[0.916s] -- Using all available rosidl_typesupport_cpp: rosidl_typesupport_fastrtps_cpp;rosidl_typesupport_introspection_cpp
[1.022s] -- Found nav_msgs: 4.2.3 (/opt/ros/humble/share/nav_msgs/cmake)
[1.095s] -- Found rclcpp: 16.0.8 (/opt/ros/humble/share/rclcpp/cmake)
[1.166s] -- Found rmw_implementation_cmake: 6.1.1 (/opt/ros/humble/share/rmw_implementation_cmake/cmake)
[1.171s] -- Found rmw_cyclonedds_cpp: 1.3.4 (/opt/ros/humble/share/rmw_cyclonedds_cpp/cmake)
[1.209s] -- Using RMW implementation 'rmw_cyclonedds_cpp' as default
[1.222s] -- Looking for pthread.h
[1.295s] -- Looking for pthread.h - found
[1.295s] -- Performing Test CMAKE_HAVE_LIBC_PTHREAD
[1.374s] -- Performing Test CMAKE_HAVE_LIBC_PTHREAD - Success
[1.375s] -- Found Threads: TRUE  
[1.491s] -- Found sensor_msgs: 4.2.3 (/opt/ros/humble/share/sensor_msgs/cmake)
[1.570s] -- Found tf2: 0.25.6 (/opt/ros/humble/share/tf2/cmake)
[1.587s] -- Found tf2_msgs: 0.25.6 (/opt/ros/humble/share/tf2_msgs/cmake)
[1.713s] -- Found turtlebot3_msgs: 2.2.3 (/opt/ros/humble/share/turtlebot3_msgs/cmake)
[1.835s] -- Configuring done
[1.846s] -- Generating done
[1.847s] -- Build files have been written to: /home/vivek/turtlebot-navigation/turtle_ws/build/turtlebot3_fake_node
[1.855s] Invoked command in '/home/vivek/turtlebot-navigation/turtle_ws/build/turtlebot3_fake_node' returned '0': CMAKE_PREFIX_PATH=${CMAKE_PREFIX_PATH}:/opt/ros/humble /usr/bin/cmake /home/vivek/turtlebot-navigation/turtle_ws/src/turtlebot3_fake_node -DCMAKE_INSTALL_PREFIX=/home/vivek/turtlebot-navigation/turtle_ws/install/turtlebot3_fake_node
[1.856s] Invoking command in '/home/vivek/turtlebot-navigation/turtle_ws/build/turtlebot3_fake_node': CMAKE_PREFIX_PATH=${CMAKE_PREFIX_PATH}:/opt/ros/humble /usr/bin/cmake --build /home/vivek/turtlebot-navigation/turtle_ws/build/turtlebot3_fake_node -- -j8 -l8
[1.899s] [ 50%] [32mBuilding CXX object CMakeFiles/turtlebot3_fake_node.dir/src/turtlebot3_fake_node.cpp.o[0m
[13.562s] [100%] [32m[1mLinking CXX executable turtlebot3_fake_node[0m
[14.610s] [100%] Built target turtlebot3_fake_node
[14.630s] Invoked command in '/home/vivek/turtlebot-navigation/turtle_ws/build/turtlebot3_fake_node' returned '0': CMAKE_PREFIX_PATH=${CMAKE_PREFIX_PATH}:/opt/ros/humble /usr/bin/cmake --build /home/vivek/turtlebot-navigation/turtle_ws/build/turtlebot3_fake_node -- -j8 -l8
[14.691s] Invoking command in '/home/vivek/turtlebot-navigation/turtle_ws/build/turtlebot3_fake_node': CMAKE_PREFIX_PATH=${CMAKE_PREFIX_PATH}:/opt/ros/humble /usr/bin/cmake --install /home/vivek/turtlebot-navigation/turtle_ws/build/turtlebot3_fake_node
[14.705s] -- Install configuration: ""
[14.705s] -- Installing: /home/vivek/turtlebot-navigation/turtle_ws/install/turtlebot3_fake_node/lib/turtlebot3_fake_node/turtlebot3_fake_node
[14.711s] -- Set runtime path of "/home/vivek/turtlebot-navigation/turtle_ws/install/turtlebot3_fake_node/lib/turtlebot3_fake_node/turtlebot3_fake_node" to ""
[14.711s] -- Installing: /home/vivek/turtlebot-navigation/turtle_ws/install/turtlebot3_fake_node/share/turtlebot3_fake_node/launch
[14.711s] -- Installing: /home/vivek/turtlebot-navigation/turtle_ws/install/turtlebot3_fake_node/share/turtlebot3_fake_node/launch/turtlebot3_fake_node.launch.py
[14.711s] -- Installing: /home/vivek/turtlebot-navigation/turtle_ws/install/turtlebot3_fake_node/share/turtlebot3_fake_node/launch/rviz2.launch.py
[14.711s] -- Installing: /home/vivek/turtlebot-navigation/turtle_ws/install/turtlebot3_fake_node/share/turtlebot3_fake_node/param
[14.711s] -- Installing: /home/vivek/turtlebot-navigation/turtle_ws/install/turtlebot3_fake_node/share/turtlebot3_fake_node/param/waffle.yaml
[14.711s] -- Installing: /home/vivek/turtlebot-navigation/turtle_ws/install/turtlebot3_fake_node/share/turtlebot3_fake_node/param/waffle_pi.yaml
[14.712s] -- Installing: /home/vivek/turtlebot-navigation/turtle_ws/install/turtlebot3_fake_node/share/turtlebot3_fake_node/param/burger.yaml
[14.712s] -- Installing: /home/vivek/turtlebot-navigation/turtle_ws/install/turtlebot3_fake_node/include/
[14.712s] -- Installing: /home/vivek/turtlebot-navigation/turtle_ws/install/turtlebot3_fake_node/include//turtlebot3_fake_node
[14.713s] -- Installing: /home/vivek/turtlebot-navigation/turtle_ws/install/turtlebot3_fake_node/include//turtlebot3_fake_node/turtlebot3_fake_node.hpp
[14.714s] -- Installing: /home/vivek/turtlebot-navigation/turtle_ws/install/turtlebot3_fake_node/share/ament_index/resource_index/package_run_dependencies/turtlebot3_fake_node
[14.714s] -- Installing: /home/vivek/turtlebot-navigation/turtle_ws/install/turtlebot3_fake_node/share/ament_index/resource_index/parent_prefix_path/turtlebot3_fake_node
[14.714s] -- Installing: /home/vivek/turtlebot-navigation/turtle_ws/install/turtlebot3_fake_node/share/turtlebot3_fake_node/environment/ament_prefix_path.sh
[14.715s] -- Installing: /home/vivek/turtlebot-navigation/turtle_ws/install/turtlebot3_fake_node/share/turtlebot3_fake_node/environment/ament_prefix_path.dsv
[14.715s] -- Installing: /home/vivek/turtlebot-navigation/turtle_ws/install/turtlebot3_fake_node/share/turtlebot3_fake_node/environment/path.sh
[14.715s] -- Installing: /home/vivek/turtlebot-navigation/turtle_ws/install/turtlebot3_fake_node/share/turtlebot3_fake_node/environment/path.dsv
[14.715s] -- Installing: /home/vivek/turtlebot-navigation/turtle_ws/install/turtlebot3_fake_node/share/turtlebot3_fake_node/local_setup.bash
[14.716s] -- Installing: /home/vivek/turtlebot-navigation/turtle_ws/install/turtlebot3_fake_node/share/turtlebot3_fake_node/local_setup.sh
[14.716s] -- Installing: /home/vivek/turtlebot-navigation/turtle_ws/install/turtlebot3_fake_node/share/turtlebot3_fake_node/local_setup.zsh
[14.717s] -- Installing: /home/vivek/turtlebot-navigation/turtle_ws/install/turtlebot3_fake_node/share/turtlebot3_fake_node/local_setup.dsv
[14.717s] -- Installing: /home/vivek/turtlebot-navigation/turtle_ws/install/turtlebot3_fake_node/share/turtlebot3_fake_node/package.dsv
[14.717s] -- Installing: /home/vivek/turtlebot-navigation/turtle_ws/install/turtlebot3_fake_node/share/ament_index/resource_index/packages/turtlebot3_fake_node
[14.717s] -- Installing: /home/vivek/turtlebot-navigation/turtle_ws/install/turtlebot3_fake_node/share/turtlebot3_fake_node/cmake/ament_cmake_export_include_directories-extras.cmake
[14.717s] -- Installing: /home/vivek/turtlebot-navigation/turtle_ws/install/turtlebot3_fake_node/share/turtlebot3_fake_node/cmake/ament_cmake_export_dependencies-extras.cmake
[14.718s] -- Installing: /home/vivek/turtlebot-navigation/turtle_ws/install/turtlebot3_fake_node/share/turtlebot3_fake_node/cmake/turtlebot3_fake_nodeConfig.cmake
[14.718s] -- Installing: /home/vivek/turtlebot-navigation/turtle_ws/install/turtlebot3_fake_node/share/turtlebot3_fake_node/cmake/turtlebot3_fake_nodeConfig-version.cmake
[14.718s] -- Installing: /home/vivek/turtlebot-navigation/turtle_ws/install/turtlebot3_fake_node/share/turtlebot3_fake_node/package.xml
[14.721s] Invoked command in '/home/vivek/turtlebot-navigation/turtle_ws/build/turtlebot3_fake_node' returned '0': CMAKE_PREFIX_PATH=${CMAKE_PREFIX_PATH}:/opt/ros/humble /usr/bin/cmake --install /home/vivek/turtlebot-navigation/turtle_ws/build/turtlebot3_fake_node
