[0.934s] DEBUG:colcon:Command line arguments: ['/usr/bin/colcon', 'build']
[0.934s] DEBUG:colcon:Parsed command line arguments: Namespace(log_base=None, log_level=None, verb_name='build', build_base='build', install_base='install', merge_install=False, symlink_install=False, test_result_base=None, continue_on_error=False, executor='parallel', parallel_workers=8, event_handlers=None, ignore_user_meta=False, metas=['./colcon.meta'], base_paths=['.'], packages_ignore=None, packages_ignore_regex=None, paths=None, packages_up_to=None, packages_up_to_regex=None, packages_above=None, packages_above_and_dependencies=None, packages_above_depth=None, packages_select_by_dep=None, packages_skip_by_dep=None, packages_skip_up_to=None, packages_select_build_failed=False, packages_skip_build_finished=False, packages_select_test_failures=False, packages_skip_test_passed=False, packages_select=None, packages_skip=None, packages_select_regex=None, packages_skip_regex=None, packages_start=None, packages_end=None, allow_overriding=[], cmake_args=None, cmake_target=None, cmake_target_skip_unavailable=False, cmake_clean_cache=False, cmake_clean_first=False, cmake_force_configure=False, ament_cmake_args=None, catkin_cmake_args=None, catkin_skip_building_tests=False, verb_parser=<colcon_defaults.argument_parser.defaults.DefaultArgumentsDecorator object at 0x756237f27c40>, verb_extension=<colcon_core.verb.build.BuildVerb object at 0x7562389f2ef0>, main=<bound method BuildVerb.main of <colcon_core.verb.build.BuildVerb object at 0x7562389f2ef0>>)
[0.990s] Level 1:colcon.colcon_core.package_discovery:discover_packages(colcon_meta) check parameters
[0.990s] Level 1:colcon.colcon_core.package_discovery:discover_packages(recursive) check parameters
[0.990s] Level 1:colcon.colcon_core.package_discovery:discover_packages(ignore) check parameters
[0.990s] Level 1:colcon.colcon_core.package_discovery:discover_packages(path) check parameters
[0.990s] Level 1:colcon.colcon_core.package_discovery:discover_packages(colcon_meta) discover
[0.990s] Level 1:colcon.colcon_core.package_discovery:discover_packages(recursive) discover
[0.990s] INFO:colcon.colcon_core.package_discovery:Crawling recursively for packages in '/home/vivek/turtlebot-navigation/turtle_ws'
[0.990s] Level 1:colcon.colcon_core.package_identification:_identify(.) by extensions ['ignore', 'ignore_ament_install']
[0.990s] Level 1:colcon.colcon_core.package_identification:_identify(.) by extension 'ignore'
[0.990s] Level 1:colcon.colcon_core.package_identification:_identify(.) by extension 'ignore_ament_install'
[0.990s] Level 1:colcon.colcon_core.package_identification:_identify(.) by extensions ['colcon_pkg']
[0.990s] Level 1:colcon.colcon_core.package_identification:_identify(.) by extension 'colcon_pkg'
[0.990s] Level 1:colcon.colcon_core.package_identification:_identify(.) by extensions ['colcon_meta']
[0.990s] Level 1:colcon.colcon_core.package_identification:_identify(.) by extension 'colcon_meta'
[0.990s] Level 1:colcon.colcon_core.package_identification:_identify(.) by extensions ['ros']
[0.990s] Level 1:colcon.colcon_core.package_identification:_identify(.) by extension 'ros'
[1.002s] Level 1:colcon.colcon_core.package_identification:_identify(.) by extensions ['cmake', 'python']
[1.002s] Level 1:colcon.colcon_core.package_identification:_identify(.) by extension 'cmake'
[1.003s] Level 1:colcon.colcon_core.package_identification:_identify(.) by extension 'python'
[1.003s] Level 1:colcon.colcon_core.package_identification:_identify(.) by extensions ['python_setup_py']
[1.003s] Level 1:colcon.colcon_core.package_identification:_identify(.) by extension 'python_setup_py'
[1.003s] Level 1:colcon.colcon_core.package_identification:_identify(build) by extensions ['ignore', 'ignore_ament_install']
[1.003s] Level 1:colcon.colcon_core.package_identification:_identify(build) by extension 'ignore'
[1.003s] Level 1:colcon.colcon_core.package_identification:_identify(build) ignored
[1.003s] Level 1:colcon.colcon_core.package_identification:_identify(install) by extensions ['ignore', 'ignore_ament_install']
[1.003s] Level 1:colcon.colcon_core.package_identification:_identify(install) by extension 'ignore'
[1.003s] Level 1:colcon.colcon_core.package_identification:_identify(install) ignored
[1.003s] Level 1:colcon.colcon_core.package_identification:_identify(log) by extensions ['ignore', 'ignore_ament_install']
[1.003s] Level 1:colcon.colcon_core.package_identification:_identify(log) by extension 'ignore'
[1.003s] Level 1:colcon.colcon_core.package_identification:_identify(log) ignored
[1.003s] Level 1:colcon.colcon_core.package_identification:_identify(src) by extensions ['ignore', 'ignore_ament_install']
[1.003s] Level 1:colcon.colcon_core.package_identification:_identify(src) by extension 'ignore'
[1.003s] Level 1:colcon.colcon_core.package_identification:_identify(src) by extension 'ignore_ament_install'
[1.003s] Level 1:colcon.colcon_core.package_identification:_identify(src) by extensions ['colcon_pkg']
[1.003s] Level 1:colcon.colcon_core.package_identification:_identify(src) by extension 'colcon_pkg'
[1.003s] Level 1:colcon.colcon_core.package_identification:_identify(src) by extensions ['colcon_meta']
[1.003s] Level 1:colcon.colcon_core.package_identification:_identify(src) by extension 'colcon_meta'
[1.003s] Level 1:colcon.colcon_core.package_identification:_identify(src) by extensions ['ros']
[1.003s] Level 1:colcon.colcon_core.package_identification:_identify(src) by extension 'ros'
[1.003s] Level 1:colcon.colcon_core.package_identification:_identify(src) by extensions ['cmake', 'python']
[1.003s] Level 1:colcon.colcon_core.package_identification:_identify(src) by extension 'cmake'
[1.003s] Level 1:colcon.colcon_core.package_identification:_identify(src) by extension 'python'
[1.003s] Level 1:colcon.colcon_core.package_identification:_identify(src) by extensions ['python_setup_py']
[1.003s] Level 1:colcon.colcon_core.package_identification:_identify(src) by extension 'python_setup_py'
[1.003s] Level 1:colcon.colcon_core.package_identification:_identify(src/turtlebot3_fake_node) by extensions ['ignore', 'ignore_ament_install']
[1.004s] Level 1:colcon.colcon_core.package_identification:_identify(src/turtlebot3_fake_node) by extension 'ignore'
[1.004s] Level 1:colcon.colcon_core.package_identification:_identify(src/turtlebot3_fake_node) by extension 'ignore_ament_install'
[1.004s] Level 1:colcon.colcon_core.package_identification:_identify(src/turtlebot3_fake_node) by extensions ['colcon_pkg']
[1.004s] Level 1:colcon.colcon_core.package_identification:_identify(src/turtlebot3_fake_node) by extension 'colcon_pkg'
[1.004s] Level 1:colcon.colcon_core.package_identification:_identify(src/turtlebot3_fake_node) by extensions ['colcon_meta']
[1.004s] Level 1:colcon.colcon_core.package_identification:_identify(src/turtlebot3_fake_node) by extension 'colcon_meta'
[1.004s] Level 1:colcon.colcon_core.package_identification:_identify(src/turtlebot3_fake_node) by extensions ['ros']
[1.004s] Level 1:colcon.colcon_core.package_identification:_identify(src/turtlebot3_fake_node) by extension 'ros'
[1.008s] DEBUG:colcon.colcon_core.package_identification:Package 'src/turtlebot3_fake_node' with type 'ros.ament_cmake' and name 'turtlebot3_fake_node'
[1.008s] Level 1:colcon.colcon_core.package_identification:_identify(src/turtlebot3_gazebo) by extensions ['ignore', 'ignore_ament_install']
[1.008s] Level 1:colcon.colcon_core.package_identification:_identify(src/turtlebot3_gazebo) by extension 'ignore'
[1.008s] Level 1:colcon.colcon_core.package_identification:_identify(src/turtlebot3_gazebo) by extension 'ignore_ament_install'
[1.008s] Level 1:colcon.colcon_core.package_identification:_identify(src/turtlebot3_gazebo) by extensions ['colcon_pkg']
[1.008s] Level 1:colcon.colcon_core.package_identification:_identify(src/turtlebot3_gazebo) by extension 'colcon_pkg'
[1.008s] Level 1:colcon.colcon_core.package_identification:_identify(src/turtlebot3_gazebo) by extensions ['colcon_meta']
[1.008s] Level 1:colcon.colcon_core.package_identification:_identify(src/turtlebot3_gazebo) by extension 'colcon_meta'
[1.009s] Level 1:colcon.colcon_core.package_identification:_identify(src/turtlebot3_gazebo) by extensions ['ros']
[1.009s] Level 1:colcon.colcon_core.package_identification:_identify(src/turtlebot3_gazebo) by extension 'ros'
[1.009s] DEBUG:colcon.colcon_core.package_identification:Package 'src/turtlebot3_gazebo' with type 'ros.ament_cmake' and name 'turtlebot3_gazebo'
[1.009s] Level 1:colcon.colcon_core.package_identification:_identify(src/turtlebot3_simulations) by extensions ['ignore', 'ignore_ament_install']
[1.009s] Level 1:colcon.colcon_core.package_identification:_identify(src/turtlebot3_simulations) by extension 'ignore'
[1.009s] Level 1:colcon.colcon_core.package_identification:_identify(src/turtlebot3_simulations) by extension 'ignore_ament_install'
[1.010s] Level 1:colcon.colcon_core.package_identification:_identify(src/turtlebot3_simulations) by extensions ['colcon_pkg']
[1.010s] Level 1:colcon.colcon_core.package_identification:_identify(src/turtlebot3_simulations) by extension 'colcon_pkg'
[1.010s] Level 1:colcon.colcon_core.package_identification:_identify(src/turtlebot3_simulations) by extensions ['colcon_meta']
[1.010s] Level 1:colcon.colcon_core.package_identification:_identify(src/turtlebot3_simulations) by extension 'colcon_meta'
[1.010s] Level 1:colcon.colcon_core.package_identification:_identify(src/turtlebot3_simulations) by extensions ['ros']
[1.010s] Level 1:colcon.colcon_core.package_identification:_identify(src/turtlebot3_simulations) by extension 'ros'
[1.010s] DEBUG:colcon.colcon_core.package_identification:Package 'src/turtlebot3_simulations' with type 'ros.ament_cmake' and name 'turtlebot3_simulations'
[1.010s] Level 1:colcon.colcon_core.package_discovery:discover_packages(recursive) using defaults
[1.010s] Level 1:colcon.colcon_core.package_discovery:discover_packages(ignore) discover
[1.010s] Level 1:colcon.colcon_core.package_discovery:discover_packages(ignore) using defaults
[1.010s] Level 1:colcon.colcon_core.package_discovery:discover_packages(path) discover
[1.010s] Level 1:colcon.colcon_core.package_discovery:discover_packages(path) using defaults
[1.089s] Level 1:colcon.colcon_core.package_discovery:discover_packages(prefix_path) check parameters
[1.089s] Level 1:colcon.colcon_core.package_discovery:discover_packages(prefix_path) discover
[1.117s] DEBUG:colcon.colcon_installed_package_information.package_discovery:Found 3 installed packages in /home/vivek/turtlebot3_nav_ws/install
[1.127s] DEBUG:colcon.colcon_installed_package_information.package_discovery:Found 11 installed packages in /home/vivek/eyantra_ws/install
[1.148s] DEBUG:colcon.colcon_installed_package_information.package_discovery:Found 445 installed packages in /opt/ros/humble
[1.149s] Level 1:colcon.colcon_core.package_discovery:discover_packages(prefix_path) using defaults
[1.234s] Level 5:colcon.colcon_core.verb:set package 'turtlebot3_fake_node' build argument 'cmake_args' from command line to 'None'
[1.234s] Level 5:colcon.colcon_core.verb:set package 'turtlebot3_fake_node' build argument 'cmake_target' from command line to 'None'
[1.234s] Level 5:colcon.colcon_core.verb:set package 'turtlebot3_fake_node' build argument 'cmake_target_skip_unavailable' from command line to 'False'
[1.234s] Level 5:colcon.colcon_core.verb:set package 'turtlebot3_fake_node' build argument 'cmake_clean_cache' from command line to 'False'
[1.234s] Level 5:colcon.colcon_core.verb:set package 'turtlebot3_fake_node' build argument 'cmake_clean_first' from command line to 'False'
[1.234s] Level 5:colcon.colcon_core.verb:set package 'turtlebot3_fake_node' build argument 'cmake_force_configure' from command line to 'False'
[1.234s] Level 5:colcon.colcon_core.verb:set package 'turtlebot3_fake_node' build argument 'ament_cmake_args' from command line to 'None'
[1.234s] Level 5:colcon.colcon_core.verb:set package 'turtlebot3_fake_node' build argument 'catkin_cmake_args' from command line to 'None'
[1.234s] Level 5:colcon.colcon_core.verb:set package 'turtlebot3_fake_node' build argument 'catkin_skip_building_tests' from command line to 'False'
[1.234s] DEBUG:colcon.colcon_core.verb:Building package 'turtlebot3_fake_node' with the following arguments: {'ament_cmake_args': None, 'build_base': '/home/vivek/turtlebot-navigation/turtle_ws/build/turtlebot3_fake_node', 'catkin_cmake_args': None, 'catkin_skip_building_tests': False, 'cmake_args': None, 'cmake_clean_cache': False, 'cmake_clean_first': False, 'cmake_force_configure': False, 'cmake_target': None, 'cmake_target_skip_unavailable': False, 'install_base': '/home/vivek/turtlebot-navigation/turtle_ws/install/turtlebot3_fake_node', 'merge_install': False, 'path': '/home/vivek/turtlebot-navigation/turtle_ws/src/turtlebot3_fake_node', 'symlink_install': False, 'test_result_base': None}
[1.245s] Level 5:colcon.colcon_core.verb:set package 'turtlebot3_gazebo' build argument 'cmake_args' from command line to 'None'
[1.245s] Level 5:colcon.colcon_core.verb:set package 'turtlebot3_gazebo' build argument 'cmake_target' from command line to 'None'
[1.245s] Level 5:colcon.colcon_core.verb:set package 'turtlebot3_gazebo' build argument 'cmake_target_skip_unavailable' from command line to 'False'
[1.245s] Level 5:colcon.colcon_core.verb:set package 'turtlebot3_gazebo' build argument 'cmake_clean_cache' from command line to 'False'
[1.245s] Level 5:colcon.colcon_core.verb:set package 'turtlebot3_gazebo' build argument 'cmake_clean_first' from command line to 'False'
[1.245s] Level 5:colcon.colcon_core.verb:set package 'turtlebot3_gazebo' build argument 'cmake_force_configure' from command line to 'False'
[1.245s] Level 5:colcon.colcon_core.verb:set package 'turtlebot3_gazebo' build argument 'ament_cmake_args' from command line to 'None'
[1.245s] Level 5:colcon.colcon_core.verb:set package 'turtlebot3_gazebo' build argument 'catkin_cmake_args' from command line to 'None'
[1.245s] Level 5:colcon.colcon_core.verb:set package 'turtlebot3_gazebo' build argument 'catkin_skip_building_tests' from command line to 'False'
[1.245s] DEBUG:colcon.colcon_core.verb:Building package 'turtlebot3_gazebo' with the following arguments: {'ament_cmake_args': None, 'build_base': '/home/vivek/turtlebot-navigation/turtle_ws/build/turtlebot3_gazebo', 'catkin_cmake_args': None, 'catkin_skip_building_tests': False, 'cmake_args': None, 'cmake_clean_cache': False, 'cmake_clean_first': False, 'cmake_force_configure': False, 'cmake_target': None, 'cmake_target_skip_unavailable': False, 'install_base': '/home/vivek/turtlebot-navigation/turtle_ws/install/turtlebot3_gazebo', 'merge_install': False, 'path': '/home/vivek/turtlebot-navigation/turtle_ws/src/turtlebot3_gazebo', 'symlink_install': False, 'test_result_base': None}
[1.255s] Level 5:colcon.colcon_core.verb:set package 'turtlebot3_simulations' build argument 'cmake_args' from command line to 'None'
[1.255s] Level 5:colcon.colcon_core.verb:set package 'turtlebot3_simulations' build argument 'cmake_target' from command line to 'None'
[1.255s] Level 5:colcon.colcon_core.verb:set package 'turtlebot3_simulations' build argument 'cmake_target_skip_unavailable' from command line to 'False'
[1.255s] Level 5:colcon.colcon_core.verb:set package 'turtlebot3_simulations' build argument 'cmake_clean_cache' from command line to 'False'
[1.255s] Level 5:colcon.colcon_core.verb:set package 'turtlebot3_simulations' build argument 'cmake_clean_first' from command line to 'False'
[1.255s] Level 5:colcon.colcon_core.verb:set package 'turtlebot3_simulations' build argument 'cmake_force_configure' from command line to 'False'
[1.255s] Level 5:colcon.colcon_core.verb:set package 'turtlebot3_simulations' build argument 'ament_cmake_args' from command line to 'None'
[1.255s] Level 5:colcon.colcon_core.verb:set package 'turtlebot3_simulations' build argument 'catkin_cmake_args' from command line to 'None'
[1.255s] Level 5:colcon.colcon_core.verb:set package 'turtlebot3_simulations' build argument 'catkin_skip_building_tests' from command line to 'False'
[1.255s] DEBUG:colcon.colcon_core.verb:Building package 'turtlebot3_simulations' with the following arguments: {'ament_cmake_args': None, 'build_base': '/home/vivek/turtlebot-navigation/turtle_ws/build/turtlebot3_simulations', 'catkin_cmake_args': None, 'catkin_skip_building_tests': False, 'cmake_args': None, 'cmake_clean_cache': False, 'cmake_clean_first': False, 'cmake_force_configure': False, 'cmake_target': None, 'cmake_target_skip_unavailable': False, 'install_base': '/home/vivek/turtlebot-navigation/turtle_ws/install/turtlebot3_simulations', 'merge_install': False, 'path': '/home/vivek/turtlebot-navigation/turtle_ws/src/turtlebot3_simulations', 'symlink_install': False, 'test_result_base': None}
[1.265s] INFO:colcon.colcon_core.executor:Executing jobs using 'parallel' executor
[1.276s] DEBUG:colcon.colcon_parallel_executor.executor.parallel:run_until_complete
[1.276s] INFO:colcon.colcon_ros.task.ament_cmake.build:Building ROS package in '/home/vivek/turtlebot-navigation/turtle_ws/src/turtlebot3_fake_node' with build type 'ament_cmake'
[1.276s] INFO:colcon.colcon_cmake.task.cmake.build:Building CMake package in '/home/vivek/turtlebot-navigation/turtle_ws/src/turtlebot3_fake_node'
[1.292s] INFO:colcon.colcon_core.plugin_system:Skipping extension 'colcon_core.shell.bat': Not used on non-Windows systems
[1.292s] INFO:colcon.colcon_core.shell:Skip shell extension 'powershell' for command environment: Not usable outside of PowerShell
[1.292s] DEBUG:colcon.colcon_core.shell:Skip shell extension 'dsv' for command environment
[1.339s] INFO:colcon.colcon_ros.task.ament_cmake.build:Building ROS package in '/home/vivek/turtlebot-navigation/turtle_ws/src/turtlebot3_gazebo' with build type 'ament_cmake'
[1.339s] INFO:colcon.colcon_cmake.task.cmake.build:Building CMake package in '/home/vivek/turtlebot-navigation/turtle_ws/src/turtlebot3_gazebo'
[1.351s] INFO:colcon.colcon_core.shell:Skip shell extension 'powershell' for command environment: Not usable outside of PowerShell
[1.352s] DEBUG:colcon.colcon_core.shell:Skip shell extension 'dsv' for command environment
[1.399s] DEBUG:colcon.colcon_core.event_handler.log_command:Invoking command in '/home/vivek/turtlebot-navigation/turtle_ws/build/turtlebot3_fake_node': CMAKE_PREFIX_PATH=${CMAKE_PREFIX_PATH}:/opt/ros/humble /usr/bin/cmake /home/vivek/turtlebot-navigation/turtle_ws/src/turtlebot3_fake_node -DCMAKE_INSTALL_PREFIX=/home/vivek/turtlebot-navigation/turtle_ws/install/turtlebot3_fake_node
[1.404s] DEBUG:colcon.colcon_core.event_handler.log_command:Invoking command in '/home/vivek/turtlebot-navigation/turtle_ws/build/turtlebot3_gazebo': CMAKE_PREFIX_PATH=${CMAKE_PREFIX_PATH}:/opt/ros/humble /usr/bin/cmake /home/vivek/turtlebot-navigation/turtle_ws/src/turtlebot3_gazebo -DCMAKE_INSTALL_PREFIX=/home/vivek/turtlebot-navigation/turtle_ws/install/turtlebot3_gazebo
[3.131s] DEBUG:colcon.colcon_core.event_handler.log_command:Invoked command in '/home/vivek/turtlebot-navigation/turtle_ws/build/turtlebot3_fake_node' returned '0': CMAKE_PREFIX_PATH=${CMAKE_PREFIX_PATH}:/opt/ros/humble /usr/bin/cmake /home/vivek/turtlebot-navigation/turtle_ws/src/turtlebot3_fake_node -DCMAKE_INSTALL_PREFIX=/home/vivek/turtlebot-navigation/turtle_ws/install/turtlebot3_fake_node
[3.133s] DEBUG:colcon.colcon_core.event_handler.log_command:Invoking command in '/home/vivek/turtlebot-navigation/turtle_ws/build/turtlebot3_fake_node': CMAKE_PREFIX_PATH=${CMAKE_PREFIX_PATH}:/opt/ros/humble /usr/bin/cmake --build /home/vivek/turtlebot-navigation/turtle_ws/build/turtlebot3_fake_node -- -j8 -l8
[3.723s] DEBUG:colcon.colcon_core.event_handler.log_command:Invoked command in '/home/vivek/turtlebot-navigation/turtle_ws/build/turtlebot3_gazebo' returned '0': CMAKE_PREFIX_PATH=${CMAKE_PREFIX_PATH}:/opt/ros/humble /usr/bin/cmake /home/vivek/turtlebot-navigation/turtle_ws/src/turtlebot3_gazebo -DCMAKE_INSTALL_PREFIX=/home/vivek/turtlebot-navigation/turtle_ws/install/turtlebot3_gazebo
[3.725s] DEBUG:colcon.colcon_core.event_handler.log_command:Invoking command in '/home/vivek/turtlebot-navigation/turtle_ws/build/turtlebot3_gazebo': CMAKE_PREFIX_PATH=${CMAKE_PREFIX_PATH}:/opt/ros/humble /usr/bin/cmake --build /home/vivek/turtlebot-navigation/turtle_ws/build/turtlebot3_gazebo -- -j8 -l8
[15.907s] DEBUG:colcon.colcon_core.event_handler.log_command:Invoked command in '/home/vivek/turtlebot-navigation/turtle_ws/build/turtlebot3_fake_node' returned '0': CMAKE_PREFIX_PATH=${CMAKE_PREFIX_PATH}:/opt/ros/humble /usr/bin/cmake --build /home/vivek/turtlebot-navigation/turtle_ws/build/turtlebot3_fake_node -- -j8 -l8
[15.968s] DEBUG:colcon.colcon_core.event_handler.log_command:Invoking command in '/home/vivek/turtlebot-navigation/turtle_ws/build/turtlebot3_fake_node': CMAKE_PREFIX_PATH=${CMAKE_PREFIX_PATH}:/opt/ros/humble /usr/bin/cmake --install /home/vivek/turtlebot-navigation/turtle_ws/build/turtlebot3_fake_node
[15.997s] Level 1:colcon.colcon_core.environment:create_environment_scripts_only(turtlebot3_fake_node)
[15.998s] DEBUG:colcon.colcon_core.event_handler.log_command:Invoked command in '/home/vivek/turtlebot-navigation/turtle_ws/build/turtlebot3_fake_node' returned '0': CMAKE_PREFIX_PATH=${CMAKE_PREFIX_PATH}:/opt/ros/humble /usr/bin/cmake --install /home/vivek/turtlebot-navigation/turtle_ws/build/turtlebot3_fake_node
[16.099s] Level 1:colcon.colcon_core.environment:checking '/home/vivek/turtlebot-navigation/turtle_ws/install/turtlebot3_fake_node' for CMake module files
[16.100s] Level 1:colcon.colcon_core.environment:checking '/home/vivek/turtlebot-navigation/turtle_ws/install/turtlebot3_fake_node' for CMake config files
[16.100s] Level 1:colcon.colcon_core.shell:create_environment_hook('turtlebot3_fake_node', 'cmake_prefix_path')
[16.129s] INFO:colcon.colcon_core.shell:Creating environment hook '/home/vivek/turtlebot-navigation/turtle_ws/install/turtlebot3_fake_node/share/turtlebot3_fake_node/hook/cmake_prefix_path.ps1'
[16.134s] INFO:colcon.colcon_core.shell:Creating environment descriptor '/home/vivek/turtlebot-navigation/turtle_ws/install/turtlebot3_fake_node/share/turtlebot3_fake_node/hook/cmake_prefix_path.dsv'
[16.136s] INFO:colcon.colcon_core.shell:Creating environment hook '/home/vivek/turtlebot-navigation/turtle_ws/install/turtlebot3_fake_node/share/turtlebot3_fake_node/hook/cmake_prefix_path.sh'
[16.139s] Level 1:colcon.colcon_core.environment:checking '/home/vivek/turtlebot-navigation/turtle_ws/install/turtlebot3_fake_node/lib'
[16.139s] Level 1:colcon.colcon_core.environment:checking '/home/vivek/turtlebot-navigation/turtle_ws/install/turtlebot3_fake_node/bin'
[16.139s] Level 1:colcon.colcon_core.environment:checking '/home/vivek/turtlebot-navigation/turtle_ws/install/turtlebot3_fake_node/lib/pkgconfig/turtlebot3_fake_node.pc'
[16.139s] Level 1:colcon.colcon_core.environment:checking '/home/vivek/turtlebot-navigation/turtle_ws/install/turtlebot3_fake_node/lib/python3.10/site-packages'
[16.140s] Level 1:colcon.colcon_core.environment:checking '/home/vivek/turtlebot-navigation/turtle_ws/install/turtlebot3_fake_node/bin'
[16.181s] INFO:colcon.colcon_core.shell:Creating package script '/home/vivek/turtlebot-navigation/turtle_ws/install/turtlebot3_fake_node/share/turtlebot3_fake_node/package.ps1'
[16.182s] INFO:colcon.colcon_core.shell:Creating package descriptor '/home/vivek/turtlebot-navigation/turtle_ws/install/turtlebot3_fake_node/share/turtlebot3_fake_node/package.dsv'
[16.184s] INFO:colcon.colcon_core.shell:Creating package script '/home/vivek/turtlebot-navigation/turtle_ws/install/turtlebot3_fake_node/share/turtlebot3_fake_node/package.sh'
[16.185s] INFO:colcon.colcon_core.shell:Creating package script '/home/vivek/turtlebot-navigation/turtle_ws/install/turtlebot3_fake_node/share/turtlebot3_fake_node/package.bash'
[16.188s] INFO:colcon.colcon_core.shell:Creating package script '/home/vivek/turtlebot-navigation/turtle_ws/install/turtlebot3_fake_node/share/turtlebot3_fake_node/package.zsh'
[16.190s] Level 1:colcon.colcon_core.environment:create_file_with_runtime_dependencies(/home/vivek/turtlebot-navigation/turtle_ws/install/turtlebot3_fake_node/share/colcon-core/packages/turtlebot3_fake_node)
[16.260s] Level 1:colcon.colcon_core.environment:create_environment_scripts_only(turtlebot3_fake_node)
[16.276s] Level 1:colcon.colcon_core.environment:checking '/home/vivek/turtlebot-navigation/turtle_ws/install/turtlebot3_fake_node' for CMake module files
[16.276s] Level 1:colcon.colcon_core.environment:checking '/home/vivek/turtlebot-navigation/turtle_ws/install/turtlebot3_fake_node' for CMake config files
[16.277s] Level 1:colcon.colcon_core.shell:create_environment_hook('turtlebot3_fake_node', 'cmake_prefix_path')
[16.292s] INFO:colcon.colcon_core.shell:Creating environment hook '/home/vivek/turtlebot-navigation/turtle_ws/install/turtlebot3_fake_node/share/turtlebot3_fake_node/hook/cmake_prefix_path.ps1'
[16.293s] INFO:colcon.colcon_core.shell:Creating environment descriptor '/home/vivek/turtlebot-navigation/turtle_ws/install/turtlebot3_fake_node/share/turtlebot3_fake_node/hook/cmake_prefix_path.dsv'
[16.293s] INFO:colcon.colcon_core.shell:Creating environment hook '/home/vivek/turtlebot-navigation/turtle_ws/install/turtlebot3_fake_node/share/turtlebot3_fake_node/hook/cmake_prefix_path.sh'
[16.294s] Level 1:colcon.colcon_core.environment:checking '/home/vivek/turtlebot-navigation/turtle_ws/install/turtlebot3_fake_node/lib'
[16.294s] Level 1:colcon.colcon_core.environment:checking '/home/vivek/turtlebot-navigation/turtle_ws/install/turtlebot3_fake_node/bin'
[16.294s] Level 1:colcon.colcon_core.environment:checking '/home/vivek/turtlebot-navigation/turtle_ws/install/turtlebot3_fake_node/lib/pkgconfig/turtlebot3_fake_node.pc'
[16.294s] Level 1:colcon.colcon_core.environment:checking '/home/vivek/turtlebot-navigation/turtle_ws/install/turtlebot3_fake_node/lib/python3.10/site-packages'
[16.294s] Level 1:colcon.colcon_core.environment:checking '/home/vivek/turtlebot-navigation/turtle_ws/install/turtlebot3_fake_node/bin'
[16.310s] INFO:colcon.colcon_core.shell:Creating package script '/home/vivek/turtlebot-navigation/turtle_ws/install/turtlebot3_fake_node/share/turtlebot3_fake_node/package.ps1'
[16.311s] INFO:colcon.colcon_core.shell:Creating package descriptor '/home/vivek/turtlebot-navigation/turtle_ws/install/turtlebot3_fake_node/share/turtlebot3_fake_node/package.dsv'
[16.311s] INFO:colcon.colcon_core.shell:Creating package script '/home/vivek/turtlebot-navigation/turtle_ws/install/turtlebot3_fake_node/share/turtlebot3_fake_node/package.sh'
[16.311s] INFO:colcon.colcon_core.shell:Creating package script '/home/vivek/turtlebot-navigation/turtle_ws/install/turtlebot3_fake_node/share/turtlebot3_fake_node/package.bash'
[16.312s] INFO:colcon.colcon_core.shell:Creating package script '/home/vivek/turtlebot-navigation/turtle_ws/install/turtlebot3_fake_node/share/turtlebot3_fake_node/package.zsh'
[16.312s] Level 1:colcon.colcon_core.environment:create_file_with_runtime_dependencies(/home/vivek/turtlebot-navigation/turtle_ws/install/turtlebot3_fake_node/share/colcon-core/packages/turtlebot3_fake_node)
[21.346s] DEBUG:colcon.colcon_core.event_handler.log_command:Invoked command in '/home/vivek/turtlebot-navigation/turtle_ws/build/turtlebot3_gazebo' returned '0': CMAKE_PREFIX_PATH=${CMAKE_PREFIX_PATH}:/opt/ros/humble /usr/bin/cmake --build /home/vivek/turtlebot-navigation/turtle_ws/build/turtlebot3_gazebo -- -j8 -l8
[21.382s] DEBUG:colcon.colcon_core.event_handler.log_command:Invoking command in '/home/vivek/turtlebot-navigation/turtle_ws/build/turtlebot3_gazebo': CMAKE_PREFIX_PATH=${CMAKE_PREFIX_PATH}:/opt/ros/humble /usr/bin/cmake --install /home/vivek/turtlebot-navigation/turtle_ws/build/turtlebot3_gazebo
[21.417s] Level 1:colcon.colcon_core.environment:create_environment_scripts_only(turtlebot3_gazebo)
[21.417s] DEBUG:colcon.colcon_core.event_handler.log_command:Invoked command in '/home/vivek/turtlebot-navigation/turtle_ws/build/turtlebot3_gazebo' returned '0': CMAKE_PREFIX_PATH=${CMAKE_PREFIX_PATH}:/opt/ros/humble /usr/bin/cmake --install /home/vivek/turtlebot-navigation/turtle_ws/build/turtlebot3_gazebo
[21.428s] Level 1:colcon.colcon_core.environment:checking '/home/vivek/turtlebot-navigation/turtle_ws/install/turtlebot3_gazebo' for CMake module files
[21.429s] Level 1:colcon.colcon_core.environment:checking '/home/vivek/turtlebot-navigation/turtle_ws/install/turtlebot3_gazebo' for CMake config files
[21.429s] Level 1:colcon.colcon_core.shell:create_environment_hook('turtlebot3_gazebo', 'cmake_prefix_path')
[21.439s] INFO:colcon.colcon_core.shell:Creating environment hook '/home/vivek/turtlebot-navigation/turtle_ws/install/turtlebot3_gazebo/share/turtlebot3_gazebo/hook/cmake_prefix_path.ps1'
[21.440s] INFO:colcon.colcon_core.shell:Creating environment descriptor '/home/vivek/turtlebot-navigation/turtle_ws/install/turtlebot3_gazebo/share/turtlebot3_gazebo/hook/cmake_prefix_path.dsv'
[21.440s] INFO:colcon.colcon_core.shell:Creating environment hook '/home/vivek/turtlebot-navigation/turtle_ws/install/turtlebot3_gazebo/share/turtlebot3_gazebo/hook/cmake_prefix_path.sh'
[21.440s] Level 1:colcon.colcon_core.environment:checking '/home/vivek/turtlebot-navigation/turtle_ws/install/turtlebot3_gazebo/lib'
[21.440s] Level 1:colcon.colcon_core.environment:checking '/home/vivek/turtlebot-navigation/turtle_ws/install/turtlebot3_gazebo/bin'
[21.440s] Level 1:colcon.colcon_core.environment:checking '/home/vivek/turtlebot-navigation/turtle_ws/install/turtlebot3_gazebo/lib/pkgconfig/turtlebot3_gazebo.pc'
[21.440s] Level 1:colcon.colcon_core.environment:checking '/home/vivek/turtlebot-navigation/turtle_ws/install/turtlebot3_gazebo/lib/python3.10/site-packages'
[21.440s] Level 1:colcon.colcon_core.environment:checking '/home/vivek/turtlebot-navigation/turtle_ws/install/turtlebot3_gazebo/bin'
[21.451s] INFO:colcon.colcon_core.shell:Creating package script '/home/vivek/turtlebot-navigation/turtle_ws/install/turtlebot3_gazebo/share/turtlebot3_gazebo/package.ps1'
[21.451s] INFO:colcon.colcon_core.shell:Creating package descriptor '/home/vivek/turtlebot-navigation/turtle_ws/install/turtlebot3_gazebo/share/turtlebot3_gazebo/package.dsv'
[21.451s] INFO:colcon.colcon_core.shell:Creating package script '/home/vivek/turtlebot-navigation/turtle_ws/install/turtlebot3_gazebo/share/turtlebot3_gazebo/package.sh'
[21.451s] INFO:colcon.colcon_core.shell:Creating package script '/home/vivek/turtlebot-navigation/turtle_ws/install/turtlebot3_gazebo/share/turtlebot3_gazebo/package.bash'
[21.451s] INFO:colcon.colcon_core.shell:Creating package script '/home/vivek/turtlebot-navigation/turtle_ws/install/turtlebot3_gazebo/share/turtlebot3_gazebo/package.zsh'
[21.452s] Level 1:colcon.colcon_core.environment:create_file_with_runtime_dependencies(/home/vivek/turtlebot-navigation/turtle_ws/install/turtlebot3_gazebo/share/colcon-core/packages/turtlebot3_gazebo)
[21.492s] Level 1:colcon.colcon_core.environment:create_environment_scripts_only(turtlebot3_gazebo)
[21.503s] Level 1:colcon.colcon_core.environment:checking '/home/vivek/turtlebot-navigation/turtle_ws/install/turtlebot3_gazebo' for CMake module files
[21.504s] Level 1:colcon.colcon_core.environment:checking '/home/vivek/turtlebot-navigation/turtle_ws/install/turtlebot3_gazebo' for CMake config files
[21.504s] Level 1:colcon.colcon_core.shell:create_environment_hook('turtlebot3_gazebo', 'cmake_prefix_path')
[21.515s] INFO:colcon.colcon_core.shell:Creating environment hook '/home/vivek/turtlebot-navigation/turtle_ws/install/turtlebot3_gazebo/share/turtlebot3_gazebo/hook/cmake_prefix_path.ps1'
[21.515s] INFO:colcon.colcon_core.shell:Creating environment descriptor '/home/vivek/turtlebot-navigation/turtle_ws/install/turtlebot3_gazebo/share/turtlebot3_gazebo/hook/cmake_prefix_path.dsv'
[21.515s] INFO:colcon.colcon_core.shell:Creating environment hook '/home/vivek/turtlebot-navigation/turtle_ws/install/turtlebot3_gazebo/share/turtlebot3_gazebo/hook/cmake_prefix_path.sh'
[21.516s] Level 1:colcon.colcon_core.environment:checking '/home/vivek/turtlebot-navigation/turtle_ws/install/turtlebot3_gazebo/lib'
[21.516s] Level 1:colcon.colcon_core.environment:checking '/home/vivek/turtlebot-navigation/turtle_ws/install/turtlebot3_gazebo/bin'
[21.516s] Level 1:colcon.colcon_core.environment:checking '/home/vivek/turtlebot-navigation/turtle_ws/install/turtlebot3_gazebo/lib/pkgconfig/turtlebot3_gazebo.pc'
[21.516s] Level 1:colcon.colcon_core.environment:checking '/home/vivek/turtlebot-navigation/turtle_ws/install/turtlebot3_gazebo/lib/python3.10/site-packages'
[21.516s] Level 1:colcon.colcon_core.environment:checking '/home/vivek/turtlebot-navigation/turtle_ws/install/turtlebot3_gazebo/bin'
[21.527s] INFO:colcon.colcon_core.shell:Creating package script '/home/vivek/turtlebot-navigation/turtle_ws/install/turtlebot3_gazebo/share/turtlebot3_gazebo/package.ps1'
[21.527s] INFO:colcon.colcon_core.shell:Creating package descriptor '/home/vivek/turtlebot-navigation/turtle_ws/install/turtlebot3_gazebo/share/turtlebot3_gazebo/package.dsv'
[21.527s] INFO:colcon.colcon_core.shell:Creating package script '/home/vivek/turtlebot-navigation/turtle_ws/install/turtlebot3_gazebo/share/turtlebot3_gazebo/package.sh'
[21.527s] INFO:colcon.colcon_core.shell:Creating package script '/home/vivek/turtlebot-navigation/turtle_ws/install/turtlebot3_gazebo/share/turtlebot3_gazebo/package.bash'
[21.528s] INFO:colcon.colcon_core.shell:Creating package script '/home/vivek/turtlebot-navigation/turtle_ws/install/turtlebot3_gazebo/share/turtlebot3_gazebo/package.zsh'
[21.528s] Level 1:colcon.colcon_core.environment:create_file_with_runtime_dependencies(/home/vivek/turtlebot-navigation/turtle_ws/install/turtlebot3_gazebo/share/colcon-core/packages/turtlebot3_gazebo)
[21.528s] INFO:colcon.colcon_ros.task.ament_cmake.build:Building ROS package in '/home/vivek/turtlebot-navigation/turtle_ws/src/turtlebot3_simulations' with build type 'ament_cmake'
[21.528s] INFO:colcon.colcon_cmake.task.cmake.build:Building CMake package in '/home/vivek/turtlebot-navigation/turtle_ws/src/turtlebot3_simulations'
[21.539s] INFO:colcon.colcon_core.shell:Skip shell extension 'powershell' for command environment: Not usable outside of PowerShell
[21.539s] DEBUG:colcon.colcon_core.shell:Skip shell extension 'dsv' for command environment
[21.597s] DEBUG:colcon.colcon_core.event_handler.log_command:Invoking command in '/home/vivek/turtlebot-navigation/turtle_ws/build/turtlebot3_simulations': AMENT_PREFIX_PATH=/home/vivek/turtlebot-navigation/turtle_ws/install/turtlebot3_gazebo:/home/vivek/turtlebot-navigation/turtle_ws/install/turtlebot3_fake_node:${AMENT_PREFIX_PATH} CMAKE_PREFIX_PATH=/home/vivek/turtlebot-navigation/turtle_ws/install/turtlebot3_gazebo:/home/vivek/turtlebot-navigation/turtle_ws/install/turtlebot3_fake_node:/home/vivek/turtlebot3_nav_ws/install/turtlebot3_simulations:/home/vivek/turtlebot3_nav_ws/install/turtlebot3_gazebo:/home/vivek/turtlebot3_nav_ws/install/turtlebot3_fake_node:/home/vivek/eyantra_ws/install/ur5_moveit:/home/vivek/eyantra_ws/install/ur_description:/home/vivek/eyantra_ws/install/realsense_gazebo_plugin:/home/vivek/eyantra_ws/install/pymoveit2:/home/vivek/eyantra_ws/install/linkattacher_msgs:/home/vivek/eyantra_ws/install/gazebo_ros2_control:/home/vivek/eyantra_ws/install/eyantra_warehouse:/home/vivek/eyantra_ws/install/ebot_nav2:/home/vivek/eyantra_ws/install/ebot_description:/home/vivek/eyantra_ws/install/ebot_docking:/home/vivek/eyantra_ws/install/aws_robomaker_small_warehouse_world:/opt/ros/humble /usr/bin/cmake /home/vivek/turtlebot-navigation/turtle_ws/src/turtlebot3_simulations -DCMAKE_INSTALL_PREFIX=/home/vivek/turtlebot-navigation/turtle_ws/install/turtlebot3_simulations
[22.208s] DEBUG:colcon.colcon_core.event_handler.log_command:Invoked command in '/home/vivek/turtlebot-navigation/turtle_ws/build/turtlebot3_simulations' returned '0': AMENT_PREFIX_PATH=/home/vivek/turtlebot-navigation/turtle_ws/install/turtlebot3_gazebo:/home/vivek/turtlebot-navigation/turtle_ws/install/turtlebot3_fake_node:${AMENT_PREFIX_PATH} CMAKE_PREFIX_PATH=/home/vivek/turtlebot-navigation/turtle_ws/install/turtlebot3_gazebo:/home/vivek/turtlebot-navigation/turtle_ws/install/turtlebot3_fake_node:/home/vivek/turtlebot3_nav_ws/install/turtlebot3_simulations:/home/vivek/turtlebot3_nav_ws/install/turtlebot3_gazebo:/home/vivek/turtlebot3_nav_ws/install/turtlebot3_fake_node:/home/vivek/eyantra_ws/install/ur5_moveit:/home/vivek/eyantra_ws/install/ur_description:/home/vivek/eyantra_ws/install/realsense_gazebo_plugin:/home/vivek/eyantra_ws/install/pymoveit2:/home/vivek/eyantra_ws/install/linkattacher_msgs:/home/vivek/eyantra_ws/install/gazebo_ros2_control:/home/vivek/eyantra_ws/install/eyantra_warehouse:/home/vivek/eyantra_ws/install/ebot_nav2:/home/vivek/eyantra_ws/install/ebot_description:/home/vivek/eyantra_ws/install/ebot_docking:/home/vivek/eyantra_ws/install/aws_robomaker_small_warehouse_world:/opt/ros/humble /usr/bin/cmake /home/vivek/turtlebot-navigation/turtle_ws/src/turtlebot3_simulations -DCMAKE_INSTALL_PREFIX=/home/vivek/turtlebot-navigation/turtle_ws/install/turtlebot3_simulations
[22.209s] DEBUG:colcon.colcon_core.event_handler.log_command:Invoking command in '/home/vivek/turtlebot-navigation/turtle_ws/build/turtlebot3_simulations': AMENT_PREFIX_PATH=/home/vivek/turtlebot-navigation/turtle_ws/install/turtlebot3_gazebo:/home/vivek/turtlebot-navigation/turtle_ws/install/turtlebot3_fake_node:${AMENT_PREFIX_PATH} CMAKE_PREFIX_PATH=/home/vivek/turtlebot-navigation/turtle_ws/install/turtlebot3_gazebo:/home/vivek/turtlebot-navigation/turtle_ws/install/turtlebot3_fake_node:/home/vivek/turtlebot3_nav_ws/install/turtlebot3_simulations:/home/vivek/turtlebot3_nav_ws/install/turtlebot3_gazebo:/home/vivek/turtlebot3_nav_ws/install/turtlebot3_fake_node:/home/vivek/eyantra_ws/install/ur5_moveit:/home/vivek/eyantra_ws/install/ur_description:/home/vivek/eyantra_ws/install/realsense_gazebo_plugin:/home/vivek/eyantra_ws/install/pymoveit2:/home/vivek/eyantra_ws/install/linkattacher_msgs:/home/vivek/eyantra_ws/install/gazebo_ros2_control:/home/vivek/eyantra_ws/install/eyantra_warehouse:/home/vivek/eyantra_ws/install/ebot_nav2:/home/vivek/eyantra_ws/install/ebot_description:/home/vivek/eyantra_ws/install/ebot_docking:/home/vivek/eyantra_ws/install/aws_robomaker_small_warehouse_world:/opt/ros/humble /usr/bin/cmake --build /home/vivek/turtlebot-navigation/turtle_ws/build/turtlebot3_simulations -- -j8 -l8
[22.245s] DEBUG:colcon.colcon_core.event_handler.log_command:Invoked command in '/home/vivek/turtlebot-navigation/turtle_ws/build/turtlebot3_simulations' returned '0': AMENT_PREFIX_PATH=/home/vivek/turtlebot-navigation/turtle_ws/install/turtlebot3_gazebo:/home/vivek/turtlebot-navigation/turtle_ws/install/turtlebot3_fake_node:${AMENT_PREFIX_PATH} CMAKE_PREFIX_PATH=/home/vivek/turtlebot-navigation/turtle_ws/install/turtlebot3_gazebo:/home/vivek/turtlebot-navigation/turtle_ws/install/turtlebot3_fake_node:/home/vivek/turtlebot3_nav_ws/install/turtlebot3_simulations:/home/vivek/turtlebot3_nav_ws/install/turtlebot3_gazebo:/home/vivek/turtlebot3_nav_ws/install/turtlebot3_fake_node:/home/vivek/eyantra_ws/install/ur5_moveit:/home/vivek/eyantra_ws/install/ur_description:/home/vivek/eyantra_ws/install/realsense_gazebo_plugin:/home/vivek/eyantra_ws/install/pymoveit2:/home/vivek/eyantra_ws/install/linkattacher_msgs:/home/vivek/eyantra_ws/install/gazebo_ros2_control:/home/vivek/eyantra_ws/install/eyantra_warehouse:/home/vivek/eyantra_ws/install/ebot_nav2:/home/vivek/eyantra_ws/install/ebot_description:/home/vivek/eyantra_ws/install/ebot_docking:/home/vivek/eyantra_ws/install/aws_robomaker_small_warehouse_world:/opt/ros/humble /usr/bin/cmake --build /home/vivek/turtlebot-navigation/turtle_ws/build/turtlebot3_simulations -- -j8 -l8
[22.268s] DEBUG:colcon.colcon_core.event_handler.log_command:Invoking command in '/home/vivek/turtlebot-navigation/turtle_ws/build/turtlebot3_simulations': AMENT_PREFIX_PATH=/home/vivek/turtlebot-navigation/turtle_ws/install/turtlebot3_gazebo:/home/vivek/turtlebot-navigation/turtle_ws/install/turtlebot3_fake_node:${AMENT_PREFIX_PATH} CMAKE_PREFIX_PATH=/home/vivek/turtlebot-navigation/turtle_ws/install/turtlebot3_gazebo:/home/vivek/turtlebot-navigation/turtle_ws/install/turtlebot3_fake_node:/home/vivek/turtlebot3_nav_ws/install/turtlebot3_simulations:/home/vivek/turtlebot3_nav_ws/install/turtlebot3_gazebo:/home/vivek/turtlebot3_nav_ws/install/turtlebot3_fake_node:/home/vivek/eyantra_ws/install/ur5_moveit:/home/vivek/eyantra_ws/install/ur_description:/home/vivek/eyantra_ws/install/realsense_gazebo_plugin:/home/vivek/eyantra_ws/install/pymoveit2:/home/vivek/eyantra_ws/install/linkattacher_msgs:/home/vivek/eyantra_ws/install/gazebo_ros2_control:/home/vivek/eyantra_ws/install/eyantra_warehouse:/home/vivek/eyantra_ws/install/ebot_nav2:/home/vivek/eyantra_ws/install/ebot_description:/home/vivek/eyantra_ws/install/ebot_docking:/home/vivek/eyantra_ws/install/aws_robomaker_small_warehouse_world:/opt/ros/humble /usr/bin/cmake --install /home/vivek/turtlebot-navigation/turtle_ws/build/turtlebot3_simulations
[22.277s] Level 1:colcon.colcon_core.environment:create_environment_scripts_only(turtlebot3_simulations)
[22.278s] DEBUG:colcon.colcon_core.event_handler.log_command:Invoked command in '/home/vivek/turtlebot-navigation/turtle_ws/build/turtlebot3_simulations' returned '0': AMENT_PREFIX_PATH=/home/vivek/turtlebot-navigation/turtle_ws/install/turtlebot3_gazebo:/home/vivek/turtlebot-navigation/turtle_ws/install/turtlebot3_fake_node:${AMENT_PREFIX_PATH} CMAKE_PREFIX_PATH=/home/vivek/turtlebot-navigation/turtle_ws/install/turtlebot3_gazebo:/home/vivek/turtlebot-navigation/turtle_ws/install/turtlebot3_fake_node:/home/vivek/turtlebot3_nav_ws/install/turtlebot3_simulations:/home/vivek/turtlebot3_nav_ws/install/turtlebot3_gazebo:/home/vivek/turtlebot3_nav_ws/install/turtlebot3_fake_node:/home/vivek/eyantra_ws/install/ur5_moveit:/home/vivek/eyantra_ws/install/ur_description:/home/vivek/eyantra_ws/install/realsense_gazebo_plugin:/home/vivek/eyantra_ws/install/pymoveit2:/home/vivek/eyantra_ws/install/linkattacher_msgs:/home/vivek/eyantra_ws/install/gazebo_ros2_control:/home/vivek/eyantra_ws/install/eyantra_warehouse:/home/vivek/eyantra_ws/install/ebot_nav2:/home/vivek/eyantra_ws/install/ebot_description:/home/vivek/eyantra_ws/install/ebot_docking:/home/vivek/eyantra_ws/install/aws_robomaker_small_warehouse_world:/opt/ros/humble /usr/bin/cmake --install /home/vivek/turtlebot-navigation/turtle_ws/build/turtlebot3_simulations
[22.295s] Level 1:colcon.colcon_core.environment:checking '/home/vivek/turtlebot-navigation/turtle_ws/install/turtlebot3_simulations' for CMake module files
[22.295s] Level 1:colcon.colcon_core.environment:checking '/home/vivek/turtlebot-navigation/turtle_ws/install/turtlebot3_simulations' for CMake config files
[22.295s] Level 1:colcon.colcon_core.shell:create_environment_hook('turtlebot3_simulations', 'cmake_prefix_path')
[22.310s] INFO:colcon.colcon_core.shell:Creating environment hook '/home/vivek/turtlebot-navigation/turtle_ws/install/turtlebot3_simulations/share/turtlebot3_simulations/hook/cmake_prefix_path.ps1'
[22.310s] INFO:colcon.colcon_core.shell:Creating environment descriptor '/home/vivek/turtlebot-navigation/turtle_ws/install/turtlebot3_simulations/share/turtlebot3_simulations/hook/cmake_prefix_path.dsv'
[22.311s] INFO:colcon.colcon_core.shell:Creating environment hook '/home/vivek/turtlebot-navigation/turtle_ws/install/turtlebot3_simulations/share/turtlebot3_simulations/hook/cmake_prefix_path.sh'
[22.311s] Level 1:colcon.colcon_core.environment:checking '/home/vivek/turtlebot-navigation/turtle_ws/install/turtlebot3_simulations/bin'
[22.311s] Level 1:colcon.colcon_core.environment:checking '/home/vivek/turtlebot-navigation/turtle_ws/install/turtlebot3_simulations/lib/pkgconfig/turtlebot3_simulations.pc'
[22.311s] Level 1:colcon.colcon_core.environment:checking '/home/vivek/turtlebot-navigation/turtle_ws/install/turtlebot3_simulations/lib/python3.10/site-packages'
[22.311s] Level 1:colcon.colcon_core.environment:checking '/home/vivek/turtlebot-navigation/turtle_ws/install/turtlebot3_simulations/bin'
[22.328s] INFO:colcon.colcon_core.shell:Creating package script '/home/vivek/turtlebot-navigation/turtle_ws/install/turtlebot3_simulations/share/turtlebot3_simulations/package.ps1'
[22.329s] INFO:colcon.colcon_core.shell:Creating package descriptor '/home/vivek/turtlebot-navigation/turtle_ws/install/turtlebot3_simulations/share/turtlebot3_simulations/package.dsv'
[22.329s] INFO:colcon.colcon_core.shell:Creating package script '/home/vivek/turtlebot-navigation/turtle_ws/install/turtlebot3_simulations/share/turtlebot3_simulations/package.sh'
[22.329s] INFO:colcon.colcon_core.shell:Creating package script '/home/vivek/turtlebot-navigation/turtle_ws/install/turtlebot3_simulations/share/turtlebot3_simulations/package.bash'
[22.330s] INFO:colcon.colcon_core.shell:Creating package script '/home/vivek/turtlebot-navigation/turtle_ws/install/turtlebot3_simulations/share/turtlebot3_simulations/package.zsh'
[22.330s] Level 1:colcon.colcon_core.environment:create_file_with_runtime_dependencies(/home/vivek/turtlebot-navigation/turtle_ws/install/turtlebot3_simulations/share/colcon-core/packages/turtlebot3_simulations)
[22.365s] Level 1:colcon.colcon_core.environment:create_environment_scripts_only(turtlebot3_simulations)
[22.377s] Level 1:colcon.colcon_core.environment:checking '/home/vivek/turtlebot-navigation/turtle_ws/install/turtlebot3_simulations' for CMake module files
[22.377s] Level 1:colcon.colcon_core.environment:checking '/home/vivek/turtlebot-navigation/turtle_ws/install/turtlebot3_simulations' for CMake config files
[22.377s] Level 1:colcon.colcon_core.shell:create_environment_hook('turtlebot3_simulations', 'cmake_prefix_path')
[22.388s] INFO:colcon.colcon_core.shell:Creating environment hook '/home/vivek/turtlebot-navigation/turtle_ws/install/turtlebot3_simulations/share/turtlebot3_simulations/hook/cmake_prefix_path.ps1'
[22.388s] INFO:colcon.colcon_core.shell:Creating environment descriptor '/home/vivek/turtlebot-navigation/turtle_ws/install/turtlebot3_simulations/share/turtlebot3_simulations/hook/cmake_prefix_path.dsv'
[22.389s] INFO:colcon.colcon_core.shell:Creating environment hook '/home/vivek/turtlebot-navigation/turtle_ws/install/turtlebot3_simulations/share/turtlebot3_simulations/hook/cmake_prefix_path.sh'
[22.389s] Level 1:colcon.colcon_core.environment:checking '/home/vivek/turtlebot-navigation/turtle_ws/install/turtlebot3_simulations/bin'
[22.389s] Level 1:colcon.colcon_core.environment:checking '/home/vivek/turtlebot-navigation/turtle_ws/install/turtlebot3_simulations/lib/pkgconfig/turtlebot3_simulations.pc'
[22.389s] Level 1:colcon.colcon_core.environment:checking '/home/vivek/turtlebot-navigation/turtle_ws/install/turtlebot3_simulations/lib/python3.10/site-packages'
[22.389s] Level 1:colcon.colcon_core.environment:checking '/home/vivek/turtlebot-navigation/turtle_ws/install/turtlebot3_simulations/bin'
[22.401s] INFO:colcon.colcon_core.shell:Creating package script '/home/vivek/turtlebot-navigation/turtle_ws/install/turtlebot3_simulations/share/turtlebot3_simulations/package.ps1'
[22.401s] INFO:colcon.colcon_core.shell:Creating package descriptor '/home/vivek/turtlebot-navigation/turtle_ws/install/turtlebot3_simulations/share/turtlebot3_simulations/package.dsv'
[22.401s] INFO:colcon.colcon_core.shell:Creating package script '/home/vivek/turtlebot-navigation/turtle_ws/install/turtlebot3_simulations/share/turtlebot3_simulations/package.sh'
[22.402s] INFO:colcon.colcon_core.shell:Creating package script '/home/vivek/turtlebot-navigation/turtle_ws/install/turtlebot3_simulations/share/turtlebot3_simulations/package.bash'
[22.402s] INFO:colcon.colcon_core.shell:Creating package script '/home/vivek/turtlebot-navigation/turtle_ws/install/turtlebot3_simulations/share/turtlebot3_simulations/package.zsh'
[22.402s] Level 1:colcon.colcon_core.environment:create_file_with_runtime_dependencies(/home/vivek/turtlebot-navigation/turtle_ws/install/turtlebot3_simulations/share/colcon-core/packages/turtlebot3_simulations)
[22.402s] DEBUG:colcon.colcon_parallel_executor.executor.parallel:closing loop
[22.403s] DEBUG:colcon.colcon_parallel_executor.executor.parallel:loop closed
[22.403s] DEBUG:colcon.colcon_parallel_executor.executor.parallel:run_until_complete finished with '0'
[22.403s] DEBUG:colcon.colcon_core.event_reactor:joining thread
[22.425s] INFO:colcon.colcon_core.plugin_system:Skipping extension 'colcon_notification.desktop_notification.terminal_notifier': Not used on non-Darwin systems
[22.425s] INFO:colcon.colcon_core.plugin_system:Skipping extension 'colcon_notification.desktop_notification.win32': Not used on non-Windows systems
[22.425s] INFO:colcon.colcon_notification.desktop_notification:Sending desktop notification using 'notify2'
[22.739s] DEBUG:colcon.colcon_core.event_reactor:joined thread
[22.751s] INFO:colcon.colcon_core.shell:Creating prefix script '/home/vivek/turtlebot-navigation/turtle_ws/install/local_setup.ps1'
[22.752s] INFO:colcon.colcon_core.shell:Creating prefix util module '/home/vivek/turtlebot-navigation/turtle_ws/install/_local_setup_util_ps1.py'
[22.753s] INFO:colcon.colcon_core.shell:Creating prefix chain script '/home/vivek/turtlebot-navigation/turtle_ws/install/setup.ps1'
[22.765s] INFO:colcon.colcon_core.shell:Creating prefix script '/home/vivek/turtlebot-navigation/turtle_ws/install/local_setup.sh'
[22.765s] INFO:colcon.colcon_core.shell:Creating prefix util module '/home/vivek/turtlebot-navigation/turtle_ws/install/_local_setup_util_sh.py'
[22.766s] INFO:colcon.colcon_core.shell:Creating prefix chain script '/home/vivek/turtlebot-navigation/turtle_ws/install/setup.sh'
[22.778s] INFO:colcon.colcon_core.shell:Creating prefix script '/home/vivek/turtlebot-navigation/turtle_ws/install/local_setup.bash'
[22.779s] INFO:colcon.colcon_core.shell:Creating prefix chain script '/home/vivek/turtlebot-navigation/turtle_ws/install/setup.bash'
[22.801s] INFO:colcon.colcon_core.shell:Creating prefix script '/home/vivek/turtlebot-navigation/turtle_ws/install/local_setup.zsh'
[22.801s] INFO:colcon.colcon_core.shell:Creating prefix chain script '/home/vivek/turtlebot-navigation/turtle_ws/install/setup.zsh'
